CRITICAL - 2022-01-29 07:22:38 --> include_once(conexao.php): Failed to open stream: No such file or directory
#0 C:\xampp\htdocs\ci4\app\Views\menu.php(4): CodeIgniter\Debug\Exceptions->errorHandler(2, 'include_once(co...', 'C:\\xampp\\htdocs...', 4)
#1 C:\xampp\htdocs\ci4\app\Views\menu.php(4): include_once()
#2 C:\xampp\htdocs\ci4\system\View\View.php(212): include('C:\\xampp\\htdocs...')
#3 C:\xampp\htdocs\ci4\system\View\View.php(215): CodeIgniter\View\View->CodeIgniter\View\{closure}()
#4 C:\xampp\htdocs\ci4\system\Common.php(1119): CodeIgniter\View\View->render('menu', Array, true)
#5 C:\xampp\htdocs\ci4\app\Controllers\Ola.php(7): view('menu')
#6 C:\xampp\htdocs\ci4\system\CodeIgniter.php(825): App\Controllers\ola->index()
#7 C:\xampp\htdocs\ci4\system\CodeIgniter.php(412): CodeIgniter\CodeIgniter->runController(Object(App\Controllers\ola))
#8 C:\xampp\htdocs\ci4\system\CodeIgniter.php(320): CodeIgniter\CodeIgniter->handleRequest(NULL, Object(Config\Cache), false)
#9 C:\xampp\htdocs\ci4\public\index.php(37): CodeIgniter\CodeIgniter->run()
#10 {main}
CRITICAL - 2022-01-29 10:27:09 --> Undefined variable $titulo
#0 C:\xampp\htdocs\ci4\app\Views\Menu.php(94): CodeIgniter\Debug\Exceptions->errorHandler(2, 'Undefined varia...', 'C:\\xampp\\htdocs...', 94)
#1 C:\xampp\htdocs\ci4\system\View\View.php(212): include('C:\\xampp\\htdocs...')
#2 C:\xampp\htdocs\ci4\system\View\View.php(215): CodeIgniter\View\View->CodeIgniter\View\{closure}()
#3 C:\xampp\htdocs\ci4\system\Common.php(1119): CodeIgniter\View\View->render('menu', Array, true)
#4 C:\xampp\htdocs\ci4\app\Controllers\Ola.php(7): view('menu')
#5 C:\xampp\htdocs\ci4\system\CodeIgniter.php(825): App\Controllers\ola->index()
#6 C:\xampp\htdocs\ci4\system\CodeIgniter.php(412): CodeIgniter\CodeIgniter->runController(Object(App\Controllers\ola))
#7 C:\xampp\htdocs\ci4\system\CodeIgniter.php(320): CodeIgniter\CodeIgniter->handleRequest(NULL, Object(Config\Cache), false)
#8 C:\xampp\htdocs\ci4\public\index.php(37): CodeIgniter\CodeIgniter->run()
#9 {main}
CRITICAL - 2022-01-29 10:27:12 --> Undefined variable $titulo
#0 C:\xampp\htdocs\ci4\app\Views\Menu.php(94): CodeIgniter\Debug\Exceptions->errorHandler(2, 'Undefined varia...', 'C:\\xampp\\htdocs...', 94)
#1 C:\xampp\htdocs\ci4\system\View\View.php(212): include('C:\\xampp\\htdocs...')
#2 C:\xampp\htdocs\ci4\system\View\View.php(215): CodeIgniter\View\View->CodeIgniter\View\{closure}()
#3 C:\xampp\htdocs\ci4\system\Common.php(1119): CodeIgniter\View\View->render('menu', Array, true)
#4 C:\xampp\htdocs\ci4\app\Controllers\Ola.php(7): view('menu')
#5 C:\xampp\htdocs\ci4\system\CodeIgniter.php(825): App\Controllers\ola->index()
#6 C:\xampp\htdocs\ci4\system\CodeIgniter.php(412): CodeIgniter\CodeIgniter->runController(Object(App\Controllers\ola))
#7 C:\xampp\htdocs\ci4\system\CodeIgniter.php(320): CodeIgniter\CodeIgniter->handleRequest(NULL, Object(Config\Cache), false)
#8 C:\xampp\htdocs\ci4\public\index.php(37): CodeIgniter\CodeIgniter->run()
#9 {main}
CRITICAL - 2022-01-29 10:30:21 --> Undefined variable $titulo
#0 C:\xampp\htdocs\ci4\app\Views\Menu.php(94): CodeIgniter\Debug\Exceptions->errorHandler(2, 'Undefined varia...', 'C:\\xampp\\htdocs...', 94)
#1 C:\xampp\htdocs\ci4\system\View\View.php(212): include('C:\\xampp\\htdocs...')
#2 C:\xampp\htdocs\ci4\system\View\View.php(215): CodeIgniter\View\View->CodeIgniter\View\{closure}()
#3 C:\xampp\htdocs\ci4\system\Common.php(1119): CodeIgniter\View\View->render('menu', Array, true)
#4 C:\xampp\htdocs\ci4\app\Controllers\Ola.php(7): view('menu')
#5 C:\xampp\htdocs\ci4\system\CodeIgniter.php(825): App\Controllers\ola->index()
#6 C:\xampp\htdocs\ci4\system\CodeIgniter.php(412): CodeIgniter\CodeIgniter->runController(Object(App\Controllers\ola))
#7 C:\xampp\htdocs\ci4\system\CodeIgniter.php(320): CodeIgniter\CodeIgniter->handleRequest(NULL, Object(Config\Cache), false)
#8 C:\xampp\htdocs\ci4\public\index.php(37): CodeIgniter\CodeIgniter->run()
#9 {main}
CRITICAL - 2022-01-29 10:31:17 --> Undefined variable $titulo
#0 C:\xampp\htdocs\ci4\app\Views\Menu.php(94): CodeIgniter\Debug\Exceptions->errorHandler(2, 'Undefined varia...', 'C:\\xampp\\htdocs...', 94)
#1 C:\xampp\htdocs\ci4\system\View\View.php(212): include('C:\\xampp\\htdocs...')
#2 C:\xampp\htdocs\ci4\system\View\View.php(215): CodeIgniter\View\View->CodeIgniter\View\{closure}()
#3 C:\xampp\htdocs\ci4\system\Common.php(1119): CodeIgniter\View\View->render('menu', Array, true)
#4 C:\xampp\htdocs\ci4\app\Controllers\Ola.php(7): view('menu')
#5 C:\xampp\htdocs\ci4\system\CodeIgniter.php(825): App\Controllers\ola->index()
#6 C:\xampp\htdocs\ci4\system\CodeIgniter.php(412): CodeIgniter\CodeIgniter->runController(Object(App\Controllers\ola))
#7 C:\xampp\htdocs\ci4\system\CodeIgniter.php(320): CodeIgniter\CodeIgniter->handleRequest(NULL, Object(Config\Cache), false)
#8 C:\xampp\htdocs\ci4\public\index.php(37): CodeIgniter\CodeIgniter->run()
#9 {main}
CRITICAL - 2022-01-29 10:31:24 --> Undefined variable $titulo
#0 C:\xampp\htdocs\ci4\app\Views\Menu.php(94): CodeIgniter\Debug\Exceptions->errorHandler(2, 'Undefined varia...', 'C:\\xampp\\htdocs...', 94)
#1 C:\xampp\htdocs\ci4\system\View\View.php(212): include('C:\\xampp\\htdocs...')
#2 C:\xampp\htdocs\ci4\system\View\View.php(215): CodeIgniter\View\View->CodeIgniter\View\{closure}()
#3 C:\xampp\htdocs\ci4\system\Common.php(1119): CodeIgniter\View\View->render('menu', Array, true)
#4 C:\xampp\htdocs\ci4\app\Controllers\Ola.php(7): view('menu')
#5 C:\xampp\htdocs\ci4\system\CodeIgniter.php(825): App\Controllers\ola->index()
#6 C:\xampp\htdocs\ci4\system\CodeIgniter.php(412): CodeIgniter\CodeIgniter->runController(Object(App\Controllers\ola))
#7 C:\xampp\htdocs\ci4\system\CodeIgniter.php(320): CodeIgniter\CodeIgniter->handleRequest(NULL, Object(Config\Cache), false)
#8 C:\xampp\htdocs\ci4\public\index.php(37): CodeIgniter\CodeIgniter->run()
#9 {main}
CRITICAL - 2022-01-29 10:31:46 --> Undefined variable $msg
#0 C:\xampp\htdocs\ci4\app\Views\Menu.php(95): CodeIgniter\Debug\Exceptions->errorHandler(2, 'Undefined varia...', 'C:\\xampp\\htdocs...', 95)
#1 C:\xampp\htdocs\ci4\system\View\View.php(212): include('C:\\xampp\\htdocs...')
#2 C:\xampp\htdocs\ci4\system\View\View.php(215): CodeIgniter\View\View->CodeIgniter\View\{closure}()
#3 C:\xampp\htdocs\ci4\system\Common.php(1119): CodeIgniter\View\View->render('menu', Array, true)
#4 C:\xampp\htdocs\ci4\app\Controllers\Ola.php(7): view('menu')
#5 C:\xampp\htdocs\ci4\system\CodeIgniter.php(825): App\Controllers\ola->index()
#6 C:\xampp\htdocs\ci4\system\CodeIgniter.php(412): CodeIgniter\CodeIgniter->runController(Object(App\Controllers\ola))
#7 C:\xampp\htdocs\ci4\system\CodeIgniter.php(320): CodeIgniter\CodeIgniter->handleRequest(NULL, Object(Config\Cache), false)
#8 C:\xampp\htdocs\ci4\public\index.php(37): CodeIgniter\CodeIgniter->run()
#9 {main}
CRITICAL - 2022-01-29 10:52:18 --> syntax error, unexpected token "public"
#0 C:\xampp\htdocs\ci4\system\Autoloader\Autoloader.php(245): CodeIgniter\Autoloader\Autoloader->includeFile('C:\\xampp\\htdocs...')
#1 C:\xampp\htdocs\ci4\system\Autoloader\Autoloader.php(223): CodeIgniter\Autoloader\Autoloader->loadInNamespace('App\\Controllers...')
#2 [internal function]: CodeIgniter\Autoloader\Autoloader->loadClass('App\\Controllers...')
#3 C:\xampp\htdocs\ci4\system\CodeIgniter.php(790): class_exists('\\App\\Controller...', true)
#4 C:\xampp\htdocs\ci4\system\CodeIgniter.php(399): CodeIgniter\CodeIgniter->startController()
#5 C:\xampp\htdocs\ci4\system\CodeIgniter.php(320): CodeIgniter\CodeIgniter->handleRequest(NULL, Object(Config\Cache), false)
#6 C:\xampp\htdocs\ci4\public\index.php(37): CodeIgniter\CodeIgniter->run()
#7 {main}
CRITICAL - 2022-01-29 10:52:18 --> syntax error, unexpected token "public"
#0 C:\xampp\htdocs\ci4\system\Autoloader\Autoloader.php(245): CodeIgniter\Autoloader\Autoloader->includeFile('C:\\xampp\\htdocs...')
#1 C:\xampp\htdocs\ci4\system\Autoloader\Autoloader.php(223): CodeIgniter\Autoloader\Autoloader->loadInNamespace('App\\Controllers...')
#2 [internal function]: CodeIgniter\Autoloader\Autoloader->loadClass('App\\Controllers...')
#3 C:\xampp\htdocs\ci4\system\CodeIgniter.php(790): class_exists('\\App\\Controller...', true)
#4 C:\xampp\htdocs\ci4\system\CodeIgniter.php(399): CodeIgniter\CodeIgniter->startController()
#5 C:\xampp\htdocs\ci4\system\CodeIgniter.php(320): CodeIgniter\CodeIgniter->handleRequest(NULL, Object(Config\Cache), false)
#6 C:\xampp\htdocs\ci4\public\index.php(37): CodeIgniter\CodeIgniter->run()
#7 {main}
CRITICAL - 2022-01-29 11:00:01 --> Invalid file: controles.php
#0 C:\xampp\htdocs\ci4\system\View\View.php(200): CodeIgniter\Exceptions\FrameworkException::forInvalidFile('controles.php')
#1 C:\xampp\htdocs\ci4\system\Common.php(1119): CodeIgniter\View\View->render('controles', Array, true)
#2 C:\xampp\htdocs\ci4\app\Controllers\Ola.php(7): view('controles')
#3 C:\xampp\htdocs\ci4\system\CodeIgniter.php(825): App\Controllers\ola->index()
#4 C:\xampp\htdocs\ci4\system\CodeIgniter.php(412): CodeIgniter\CodeIgniter->runController(Object(App\Controllers\ola))
#5 C:\xampp\htdocs\ci4\system\CodeIgniter.php(320): CodeIgniter\CodeIgniter->handleRequest(NULL, Object(Config\Cache), false)
#6 C:\xampp\htdocs\ci4\public\index.php(37): CodeIgniter\CodeIgniter->run()
#7 {main}
CRITICAL - 2022-01-29 11:00:23 --> Undefined variable $titulo
#0 C:\xampp\htdocs\ci4\app\Views\Categorias.php(38): CodeIgniter\Debug\Exceptions->errorHandler(2, 'Undefined varia...', 'C:\\xampp\\htdocs...', 38)
#1 C:\xampp\htdocs\ci4\system\View\View.php(212): include('C:\\xampp\\htdocs...')
#2 C:\xampp\htdocs\ci4\system\View\View.php(215): CodeIgniter\View\View->CodeIgniter\View\{closure}()
#3 C:\xampp\htdocs\ci4\system\Common.php(1119): CodeIgniter\View\View->render('categorias', Array, true)
#4 C:\xampp\htdocs\ci4\app\Controllers\Ola.php(7): view('categorias')
#5 C:\xampp\htdocs\ci4\system\CodeIgniter.php(825): App\Controllers\ola->index()
#6 C:\xampp\htdocs\ci4\system\CodeIgniter.php(412): CodeIgniter\CodeIgniter->runController(Object(App\Controllers\ola))
#7 C:\xampp\htdocs\ci4\system\CodeIgniter.php(320): CodeIgniter\CodeIgniter->handleRequest(NULL, Object(Config\Cache), false)
#8 C:\xampp\htdocs\ci4\public\index.php(37): CodeIgniter\CodeIgniter->run()
#9 {main}
CRITICAL - 2022-01-29 11:03:35 --> Undefined variable $titulo
#0 C:\xampp\htdocs\ci4\app\Views\Menu.php(94): CodeIgniter\Debug\Exceptions->errorHandler(2, 'Undefined varia...', 'C:\\xampp\\htdocs...', 94)
#1 C:\xampp\htdocs\ci4\system\View\View.php(212): include('C:\\xampp\\htdocs...')
#2 C:\xampp\htdocs\ci4\system\View\View.php(215): CodeIgniter\View\View->CodeIgniter\View\{closure}()
#3 C:\xampp\htdocs\ci4\system\Common.php(1119): CodeIgniter\View\View->render('menu', Array, true)
#4 C:\xampp\htdocs\ci4\app\Controllers\Ola.php(7): view('menu')
#5 C:\xampp\htdocs\ci4\system\CodeIgniter.php(825): App\Controllers\ola->index()
#6 C:\xampp\htdocs\ci4\system\CodeIgniter.php(412): CodeIgniter\CodeIgniter->runController(Object(App\Controllers\ola))
#7 C:\xampp\htdocs\ci4\system\CodeIgniter.php(320): CodeIgniter\CodeIgniter->handleRequest(NULL, Object(Config\Cache), false)
#8 C:\xampp\htdocs\ci4\public\index.php(37): CodeIgniter\CodeIgniter->run()
#9 {main}
CRITICAL - 2022-01-29 11:03:39 --> Undefined variable $titulo
#0 C:\xampp\htdocs\ci4\app\Views\Menu.php(94): CodeIgniter\Debug\Exceptions->errorHandler(2, 'Undefined varia...', 'C:\\xampp\\htdocs...', 94)
#1 C:\xampp\htdocs\ci4\system\View\View.php(212): include('C:\\xampp\\htdocs...')
#2 C:\xampp\htdocs\ci4\system\View\View.php(215): CodeIgniter\View\View->CodeIgniter\View\{closure}()
#3 C:\xampp\htdocs\ci4\system\Common.php(1119): CodeIgniter\View\View->render('menu', Array, true)
#4 C:\xampp\htdocs\ci4\app\Controllers\Ola.php(7): view('menu')
#5 C:\xampp\htdocs\ci4\system\CodeIgniter.php(825): App\Controllers\ola->index()
#6 C:\xampp\htdocs\ci4\system\CodeIgniter.php(412): CodeIgniter\CodeIgniter->runController(Object(App\Controllers\ola))
#7 C:\xampp\htdocs\ci4\system\CodeIgniter.php(320): CodeIgniter\CodeIgniter->handleRequest(NULL, Object(Config\Cache), false)
#8 C:\xampp\htdocs\ci4\public\index.php(37): CodeIgniter\CodeIgniter->run()
#9 {main}
CRITICAL - 2022-01-29 11:06:02 --> Invalid file: ola.php
#0 C:\xampp\htdocs\ci4\system\View\View.php(200): CodeIgniter\Exceptions\FrameworkException::forInvalidFile('ola.php')
#1 C:\xampp\htdocs\ci4\system\Common.php(1119): CodeIgniter\View\View->render('ola', Array, true)
#2 C:\xampp\htdocs\ci4\app\Controllers\Ola.php(7): view('ola')
#3 C:\xampp\htdocs\ci4\system\CodeIgniter.php(825): App\Controllers\ola->index()
#4 C:\xampp\htdocs\ci4\system\CodeIgniter.php(412): CodeIgniter\CodeIgniter->runController(Object(App\Controllers\ola))
#5 C:\xampp\htdocs\ci4\system\CodeIgniter.php(320): CodeIgniter\CodeIgniter->handleRequest(NULL, Object(Config\Cache), false)
#6 C:\xampp\htdocs\ci4\public\index.php(37): CodeIgniter\CodeIgniter->run()
#7 {main}
CRITICAL - 2022-01-29 11:06:23 --> Undefined variable $titulo
#0 C:\xampp\htdocs\ci4\app\Views\Menu.php(94): CodeIgniter\Debug\Exceptions->errorHandler(2, 'Undefined varia...', 'C:\\xampp\\htdocs...', 94)
#1 C:\xampp\htdocs\ci4\system\View\View.php(212): include('C:\\xampp\\htdocs...')
#2 C:\xampp\htdocs\ci4\system\View\View.php(215): CodeIgniter\View\View->CodeIgniter\View\{closure}()
#3 C:\xampp\htdocs\ci4\system\Common.php(1119): CodeIgniter\View\View->render('menu', Array, true)
#4 C:\xampp\htdocs\ci4\app\Controllers\Ola.php(7): view('menu')
#5 C:\xampp\htdocs\ci4\system\CodeIgniter.php(825): App\Controllers\ola->index()
#6 C:\xampp\htdocs\ci4\system\CodeIgniter.php(412): CodeIgniter\CodeIgniter->runController(Object(App\Controllers\ola))
#7 C:\xampp\htdocs\ci4\system\CodeIgniter.php(320): CodeIgniter\CodeIgniter->handleRequest(NULL, Object(Config\Cache), false)
#8 C:\xampp\htdocs\ci4\public\index.php(37): CodeIgniter\CodeIgniter->run()
#9 {main}
CRITICAL - 2022-01-29 11:39:16 --> Undefined variable $titulo
#0 C:\xampp\htdocs\ci4\app\Views\Menu.php(94): CodeIgniter\Debug\Exceptions->errorHandler(2, 'Undefined varia...', 'C:\\xampp\\htdocs...', 94)
#1 C:\xampp\htdocs\ci4\system\View\View.php(212): include('C:\\xampp\\htdocs...')
#2 C:\xampp\htdocs\ci4\system\View\View.php(215): CodeIgniter\View\View->CodeIgniter\View\{closure}()
#3 C:\xampp\htdocs\ci4\system\Common.php(1119): CodeIgniter\View\View->render('menu', Array, true)
#4 C:\xampp\htdocs\ci4\app\Controllers\Ola.php(7): view('menu')
#5 C:\xampp\htdocs\ci4\system\CodeIgniter.php(825): App\Controllers\ola->index()
#6 C:\xampp\htdocs\ci4\system\CodeIgniter.php(412): CodeIgniter\CodeIgniter->runController(Object(App\Controllers\ola))
#7 C:\xampp\htdocs\ci4\system\CodeIgniter.php(320): CodeIgniter\CodeIgniter->handleRequest(NULL, Object(Config\Cache), false)
#8 C:\xampp\htdocs\ci4\public\index.php(37): CodeIgniter\CodeIgniter->run()
#9 {main}
CRITICAL - 2022-01-29 11:50:27 --> Undefined variable $categorias
#0 C:\xampp\htdocs\ci4\app\Views\Menu.php(108): CodeIgniter\Debug\Exceptions->errorHandler(2, 'Undefined varia...', 'C:\\xampp\\htdocs...', 108)
#1 C:\xampp\htdocs\ci4\system\View\View.php(212): include('C:\\xampp\\htdocs...')
#2 C:\xampp\htdocs\ci4\system\View\View.php(215): CodeIgniter\View\View->CodeIgniter\View\{closure}()
#3 C:\xampp\htdocs\ci4\system\Common.php(1119): CodeIgniter\View\View->render('menu', Array, true)
#4 C:\xampp\htdocs\ci4\app\Controllers\Categorias.php(49): view('menu', Array)
#5 C:\xampp\htdocs\ci4\system\CodeIgniter.php(825): App\Controllers\Categorias->inserir()
#6 C:\xampp\htdocs\ci4\system\CodeIgniter.php(412): CodeIgniter\CodeIgniter->runController(Object(App\Controllers\Categorias))
#7 C:\xampp\htdocs\ci4\system\CodeIgniter.php(320): CodeIgniter\CodeIgniter->handleRequest(NULL, Object(Config\Cache), false)
#8 C:\xampp\htdocs\ci4\public\index.php(37): CodeIgniter\CodeIgniter->run()
#9 {main}
CRITICAL - 2022-01-29 11:50:54 --> Undefined variable $categorias
#0 C:\xampp\htdocs\ci4\app\Views\Menu_form.php(108): CodeIgniter\Debug\Exceptions->errorHandler(2, 'Undefined varia...', 'C:\\xampp\\htdocs...', 108)
#1 C:\xampp\htdocs\ci4\system\View\View.php(212): include('C:\\xampp\\htdocs...')
#2 C:\xampp\htdocs\ci4\system\View\View.php(215): CodeIgniter\View\View->CodeIgniter\View\{closure}()
#3 C:\xampp\htdocs\ci4\system\Common.php(1119): CodeIgniter\View\View->render('menu_form', Array, true)
#4 C:\xampp\htdocs\ci4\app\Controllers\Categorias.php(49): view('menu_form', Array)
#5 C:\xampp\htdocs\ci4\system\CodeIgniter.php(825): App\Controllers\Categorias->inserir()
#6 C:\xampp\htdocs\ci4\system\CodeIgniter.php(412): CodeIgniter\CodeIgniter->runController(Object(App\Controllers\Categorias))
#7 C:\xampp\htdocs\ci4\system\CodeIgniter.php(320): CodeIgniter\CodeIgniter->handleRequest(NULL, Object(Config\Cache), false)
#8 C:\xampp\htdocs\ci4\public\index.php(37): CodeIgniter\CodeIgniter->run()
#9 {main}
CRITICAL - 2022-01-29 12:23:40 --> Undefined variable $titulo
#0 C:\xampp\htdocs\ci4\app\Views\Menu.php(95): CodeIgniter\Debug\Exceptions->errorHandler(2, 'Undefined varia...', 'C:\\xampp\\htdocs...', 95)
#1 C:\xampp\htdocs\ci4\system\View\View.php(212): include('C:\\xampp\\htdocs...')
#2 C:\xampp\htdocs\ci4\system\View\View.php(215): CodeIgniter\View\View->CodeIgniter\View\{closure}()
#3 C:\xampp\htdocs\ci4\system\Common.php(1119): CodeIgniter\View\View->render('menu', Array, true)
#4 C:\xampp\htdocs\ci4\app\Controllers\Ola.php(7): view('menu')
#5 C:\xampp\htdocs\ci4\system\CodeIgniter.php(825): App\Controllers\ola->index()
#6 C:\xampp\htdocs\ci4\system\CodeIgniter.php(412): CodeIgniter\CodeIgniter->runController(Object(App\Controllers\ola))
#7 C:\xampp\htdocs\ci4\system\CodeIgniter.php(320): CodeIgniter\CodeIgniter->handleRequest(NULL, Object(Config\Cache), false)
#8 C:\xampp\htdocs\ci4\public\index.php(37): CodeIgniter\CodeIgniter->run()
#9 {main}
CRITICAL - 2022-01-29 12:24:08 --> Undefined variable $titulo
#0 C:\xampp\htdocs\ci4\app\Views\Menu.php(95): CodeIgniter\Debug\Exceptions->errorHandler(2, 'Undefined varia...', 'C:\\xampp\\htdocs...', 95)
#1 C:\xampp\htdocs\ci4\system\View\View.php(212): include('C:\\xampp\\htdocs...')
#2 C:\xampp\htdocs\ci4\system\View\View.php(215): CodeIgniter\View\View->CodeIgniter\View\{closure}()
#3 C:\xampp\htdocs\ci4\system\Common.php(1119): CodeIgniter\View\View->render('menu', Array, true)
#4 C:\xampp\htdocs\ci4\app\Controllers\Ola.php(7): view('menu')
#5 C:\xampp\htdocs\ci4\system\CodeIgniter.php(825): App\Controllers\ola->index()
#6 C:\xampp\htdocs\ci4\system\CodeIgniter.php(412): CodeIgniter\CodeIgniter->runController(Object(App\Controllers\ola))
#7 C:\xampp\htdocs\ci4\system\CodeIgniter.php(320): CodeIgniter\CodeIgniter->handleRequest(NULL, Object(Config\Cache), false)
#8 C:\xampp\htdocs\ci4\public\index.php(37): CodeIgniter\CodeIgniter->run()
#9 {main}
CRITICAL - 2022-01-29 12:25:39 --> Undefined variable $categorias
#0 C:\xampp\htdocs\ci4\app\Views\Menu.php(108): CodeIgniter\Debug\Exceptions->errorHandler(2, 'Undefined varia...', 'C:\\xampp\\htdocs...', 108)
#1 C:\xampp\htdocs\ci4\system\View\View.php(212): include('C:\\xampp\\htdocs...')
#2 C:\xampp\htdocs\ci4\system\View\View.php(215): CodeIgniter\View\View->CodeIgniter\View\{closure}()
#3 C:\xampp\htdocs\ci4\system\Common.php(1119): CodeIgniter\View\View->render('menu', Array, true)
#4 C:\xampp\htdocs\ci4\app\Controllers\Categorias.php(73): view('menu', Array)
#5 C:\xampp\htdocs\ci4\system\CodeIgniter.php(825): App\Controllers\Categorias->editar('43')
#6 C:\xampp\htdocs\ci4\system\CodeIgniter.php(412): CodeIgniter\CodeIgniter->runController(Object(App\Controllers\Categorias))
#7 C:\xampp\htdocs\ci4\system\CodeIgniter.php(320): CodeIgniter\CodeIgniter->handleRequest(NULL, Object(Config\Cache), false)
#8 C:\xampp\htdocs\ci4\public\index.php(37): CodeIgniter\CodeIgniter->run()
#9 {main}
CRITICAL - 2022-01-29 12:26:30 --> Undefined variable $categorias
#0 C:\xampp\htdocs\ci4\app\Views\Menu.php(108): CodeIgniter\Debug\Exceptions->errorHandler(2, 'Undefined varia...', 'C:\\xampp\\htdocs...', 108)
#1 C:\xampp\htdocs\ci4\system\View\View.php(212): include('C:\\xampp\\htdocs...')
#2 C:\xampp\htdocs\ci4\system\View\View.php(215): CodeIgniter\View\View->CodeIgniter\View\{closure}()
#3 C:\xampp\htdocs\ci4\system\Common.php(1119): CodeIgniter\View\View->render('menu', Array, true)
#4 C:\xampp\htdocs\ci4\app\Controllers\Categorias.php(73): view('menu', Array)
#5 C:\xampp\htdocs\ci4\system\CodeIgniter.php(825): App\Controllers\Categorias->editar('46')
#6 C:\xampp\htdocs\ci4\system\CodeIgniter.php(412): CodeIgniter\CodeIgniter->runController(Object(App\Controllers\Categorias))
#7 C:\xampp\htdocs\ci4\system\CodeIgniter.php(320): CodeIgniter\CodeIgniter->handleRequest(NULL, Object(Config\Cache), false)
#8 C:\xampp\htdocs\ci4\public\index.php(37): CodeIgniter\CodeIgniter->run()
#9 {main}
CRITICAL - 2022-01-29 12:27:02 --> Undefined variable $categorias
#0 C:\xampp\htdocs\ci4\app\Views\Menu.php(108): CodeIgniter\Debug\Exceptions->errorHandler(2, 'Undefined varia...', 'C:\\xampp\\htdocs...', 108)
#1 C:\xampp\htdocs\ci4\system\View\View.php(212): include('C:\\xampp\\htdocs...')
#2 C:\xampp\htdocs\ci4\system\View\View.php(215): CodeIgniter\View\View->CodeIgniter\View\{closure}()
#3 C:\xampp\htdocs\ci4\system\Common.php(1119): CodeIgniter\View\View->render('menu', Array, true)
#4 C:\xampp\htdocs\ci4\app\Controllers\Categorias.php(73): view('menu', Array)
#5 C:\xampp\htdocs\ci4\system\CodeIgniter.php(825): App\Controllers\Categorias->editar('46')
#6 C:\xampp\htdocs\ci4\system\CodeIgniter.php(412): CodeIgniter\CodeIgniter->runController(Object(App\Controllers\Categorias))
#7 C:\xampp\htdocs\ci4\system\CodeIgniter.php(320): CodeIgniter\CodeIgniter->handleRequest(NULL, Object(Config\Cache), false)
#8 C:\xampp\htdocs\ci4\public\index.php(37): CodeIgniter\CodeIgniter->run()
#9 {main}
CRITICAL - 2022-01-29 12:28:31 --> Undefined variable $categorias
#0 C:\xampp\htdocs\ci4\app\Views\Menu.php(108): CodeIgniter\Debug\Exceptions->errorHandler(2, 'Undefined varia...', 'C:\\xampp\\htdocs...', 108)
#1 C:\xampp\htdocs\ci4\system\View\View.php(212): include('C:\\xampp\\htdocs...')
#2 C:\xampp\htdocs\ci4\system\View\View.php(215): CodeIgniter\View\View->CodeIgniter\View\{closure}()
#3 C:\xampp\htdocs\ci4\system\Common.php(1119): CodeIgniter\View\View->render('menu', Array, true)
#4 C:\xampp\htdocs\ci4\app\Controllers\Categorias.php(73): view('menu', Array)
#5 C:\xampp\htdocs\ci4\system\CodeIgniter.php(825): App\Controllers\Categorias->editar('45')
#6 C:\xampp\htdocs\ci4\system\CodeIgniter.php(412): CodeIgniter\CodeIgniter->runController(Object(App\Controllers\Categorias))
#7 C:\xampp\htdocs\ci4\system\CodeIgniter.php(320): CodeIgniter\CodeIgniter->handleRequest(NULL, Object(Config\Cache), false)
#8 C:\xampp\htdocs\ci4\public\index.php(37): CodeIgniter\CodeIgniter->run()
#9 {main}
CRITICAL - 2022-01-29 12:28:50 --> Undefined variable $titulo
#0 C:\xampp\htdocs\ci4\app\Views\Menu.php(95): CodeIgniter\Debug\Exceptions->errorHandler(2, 'Undefined varia...', 'C:\\xampp\\htdocs...', 95)
#1 C:\xampp\htdocs\ci4\system\View\View.php(212): include('C:\\xampp\\htdocs...')
#2 C:\xampp\htdocs\ci4\system\View\View.php(215): CodeIgniter\View\View->CodeIgniter\View\{closure}()
#3 C:\xampp\htdocs\ci4\system\Common.php(1119): CodeIgniter\View\View->render('menu', Array, true)
#4 C:\xampp\htdocs\ci4\app\Controllers\Ola.php(7): view('menu')
#5 C:\xampp\htdocs\ci4\system\CodeIgniter.php(825): App\Controllers\ola->index()
#6 C:\xampp\htdocs\ci4\system\CodeIgniter.php(412): CodeIgniter\CodeIgniter->runController(Object(App\Controllers\ola))
#7 C:\xampp\htdocs\ci4\system\CodeIgniter.php(320): CodeIgniter\CodeIgniter->handleRequest(NULL, Object(Config\Cache), false)
#8 C:\xampp\htdocs\ci4\public\index.php(37): CodeIgniter\CodeIgniter->run()
#9 {main}
CRITICAL - 2022-01-29 12:29:08 --> Undefined variable $categorias
#0 C:\xampp\htdocs\ci4\app\Views\Menu.php(108): CodeIgniter\Debug\Exceptions->errorHandler(2, 'Undefined varia...', 'C:\\xampp\\htdocs...', 108)
#1 C:\xampp\htdocs\ci4\system\View\View.php(212): include('C:\\xampp\\htdocs...')
#2 C:\xampp\htdocs\ci4\system\View\View.php(215): CodeIgniter\View\View->CodeIgniter\View\{closure}()
#3 C:\xampp\htdocs\ci4\system\Common.php(1119): CodeIgniter\View\View->render('menu', Array, true)
#4 C:\xampp\htdocs\ci4\app\Controllers\Categorias.php(73): view('menu', Array)
#5 C:\xampp\htdocs\ci4\system\CodeIgniter.php(825): App\Controllers\Categorias->editar('44')
#6 C:\xampp\htdocs\ci4\system\CodeIgniter.php(412): CodeIgniter\CodeIgniter->runController(Object(App\Controllers\Categorias))
#7 C:\xampp\htdocs\ci4\system\CodeIgniter.php(320): CodeIgniter\CodeIgniter->handleRequest(NULL, Object(Config\Cache), false)
#8 C:\xampp\htdocs\ci4\public\index.php(37): CodeIgniter\CodeIgniter->run()
#9 {main}
CRITICAL - 2022-01-29 12:31:16 --> Attempt to read property "id" on string
#0 C:\xampp\htdocs\ci4\app\Views\Menu.php(111): CodeIgniter\Debug\Exceptions->errorHandler(2, 'Attempt to read...', 'C:\\xampp\\htdocs...', 111)
#1 C:\xampp\htdocs\ci4\system\View\View.php(212): include('C:\\xampp\\htdocs...')
#2 C:\xampp\htdocs\ci4\system\View\View.php(215): CodeIgniter\View\View->CodeIgniter\View\{closure}()
#3 C:\xampp\htdocs\ci4\system\Common.php(1119): CodeIgniter\View\View->render('menu', Array, true)
#4 C:\xampp\htdocs\ci4\app\Controllers\Categorias.php(73): view('menu', Array)
#5 C:\xampp\htdocs\ci4\system\CodeIgniter.php(825): App\Controllers\Categorias->editar('44')
#6 C:\xampp\htdocs\ci4\system\CodeIgniter.php(412): CodeIgniter\CodeIgniter->runController(Object(App\Controllers\Categorias))
#7 C:\xampp\htdocs\ci4\system\CodeIgniter.php(320): CodeIgniter\CodeIgniter->handleRequest(NULL, Object(Config\Cache), false)
#8 C:\xampp\htdocs\ci4\public\index.php(37): CodeIgniter\CodeIgniter->run()
#9 {main}
CRITICAL - 2022-01-29 12:31:45 --> Undefined variable $categorias
#0 C:\xampp\htdocs\ci4\app\Views\Categorias.php(51): CodeIgniter\Debug\Exceptions->errorHandler(2, 'Undefined varia...', 'C:\\xampp\\htdocs...', 51)
#1 C:\xampp\htdocs\ci4\system\View\View.php(212): include('C:\\xampp\\htdocs...')
#2 C:\xampp\htdocs\ci4\system\View\View.php(215): CodeIgniter\View\View->CodeIgniter\View\{closure}()
#3 C:\xampp\htdocs\ci4\system\Common.php(1119): CodeIgniter\View\View->render('categorias', Array, true)
#4 C:\xampp\htdocs\ci4\app\Controllers\Categorias.php(73): view('categorias', Array)
#5 C:\xampp\htdocs\ci4\system\CodeIgniter.php(825): App\Controllers\Categorias->editar('44')
#6 C:\xampp\htdocs\ci4\system\CodeIgniter.php(412): CodeIgniter\CodeIgniter->runController(Object(App\Controllers\Categorias))
#7 C:\xampp\htdocs\ci4\system\CodeIgniter.php(320): CodeIgniter\CodeIgniter->handleRequest(NULL, Object(Config\Cache), false)
#8 C:\xampp\htdocs\ci4\public\index.php(37): CodeIgniter\CodeIgniter->run()
#9 {main}
CRITICAL - 2022-01-29 12:31:49 --> Undefined variable $categorias
#0 C:\xampp\htdocs\ci4\app\Views\Categorias.php(51): CodeIgniter\Debug\Exceptions->errorHandler(2, 'Undefined varia...', 'C:\\xampp\\htdocs...', 51)
#1 C:\xampp\htdocs\ci4\system\View\View.php(212): include('C:\\xampp\\htdocs...')
#2 C:\xampp\htdocs\ci4\system\View\View.php(215): CodeIgniter\View\View->CodeIgniter\View\{closure}()
#3 C:\xampp\htdocs\ci4\system\Common.php(1119): CodeIgniter\View\View->render('categorias', Array, true)
#4 C:\xampp\htdocs\ci4\app\Controllers\Categorias.php(73): view('categorias', Array)
#5 C:\xampp\htdocs\ci4\system\CodeIgniter.php(825): App\Controllers\Categorias->editar('44')
#6 C:\xampp\htdocs\ci4\system\CodeIgniter.php(412): CodeIgniter\CodeIgniter->runController(Object(App\Controllers\Categorias))
#7 C:\xampp\htdocs\ci4\system\CodeIgniter.php(320): CodeIgniter\CodeIgniter->handleRequest(NULL, Object(Config\Cache), false)
#8 C:\xampp\htdocs\ci4\public\index.php(37): CodeIgniter\CodeIgniter->run()
#9 {main}
CRITICAL - 2022-01-29 12:32:17 --> Invalid file: categorias-form.php
#0 C:\xampp\htdocs\ci4\system\View\View.php(200): CodeIgniter\Exceptions\FrameworkException::forInvalidFile('categorias-form...')
#1 C:\xampp\htdocs\ci4\system\Common.php(1119): CodeIgniter\View\View->render('categorias-form', Array, true)
#2 C:\xampp\htdocs\ci4\app\Controllers\Categorias.php(73): view('categorias-form', Array)
#3 C:\xampp\htdocs\ci4\system\CodeIgniter.php(825): App\Controllers\Categorias->editar('44')
#4 C:\xampp\htdocs\ci4\system\CodeIgniter.php(412): CodeIgniter\CodeIgniter->runController(Object(App\Controllers\Categorias))
#5 C:\xampp\htdocs\ci4\system\CodeIgniter.php(320): CodeIgniter\CodeIgniter->handleRequest(NULL, Object(Config\Cache), false)
#6 C:\xampp\htdocs\ci4\public\index.php(37): CodeIgniter\CodeIgniter->run()
#7 {main}
CRITICAL - 2022-01-29 12:32:20 --> Invalid file: categorias-form.php
#0 C:\xampp\htdocs\ci4\system\View\View.php(200): CodeIgniter\Exceptions\FrameworkException::forInvalidFile('categorias-form...')
#1 C:\xampp\htdocs\ci4\system\Common.php(1119): CodeIgniter\View\View->render('categorias-form', Array, true)
#2 C:\xampp\htdocs\ci4\app\Controllers\Categorias.php(73): view('categorias-form', Array)
#3 C:\xampp\htdocs\ci4\system\CodeIgniter.php(825): App\Controllers\Categorias->editar('44')
#4 C:\xampp\htdocs\ci4\system\CodeIgniter.php(412): CodeIgniter\CodeIgniter->runController(Object(App\Controllers\Categorias))
#5 C:\xampp\htdocs\ci4\system\CodeIgniter.php(320): CodeIgniter\CodeIgniter->handleRequest(NULL, Object(Config\Cache), false)
#6 C:\xampp\htdocs\ci4\public\index.php(37): CodeIgniter\CodeIgniter->run()
#7 {main}
CRITICAL - 2022-01-29 12:36:38 --> Undefined variable $titulo
#0 C:\xampp\htdocs\ci4\app\Views\Menu1.php(95): CodeIgniter\Debug\Exceptions->errorHandler(2, 'Undefined varia...', 'C:\\xampp\\htdocs...', 95)
#1 C:\xampp\htdocs\ci4\system\View\View.php(212): include('C:\\xampp\\htdocs...')
#2 C:\xampp\htdocs\ci4\system\View\View.php(215): CodeIgniter\View\View->CodeIgniter\View\{closure}()
#3 C:\xampp\htdocs\ci4\system\Common.php(1119): CodeIgniter\View\View->render('menu1', Array, true)
#4 C:\xampp\htdocs\ci4\app\Controllers\Ola.php(7): view('menu1')
#5 C:\xampp\htdocs\ci4\system\CodeIgniter.php(825): App\Controllers\ola->index()
#6 C:\xampp\htdocs\ci4\system\CodeIgniter.php(412): CodeIgniter\CodeIgniter->runController(Object(App\Controllers\ola))
#7 C:\xampp\htdocs\ci4\system\CodeIgniter.php(320): CodeIgniter\CodeIgniter->handleRequest(NULL, Object(Config\Cache), false)
#8 C:\xampp\htdocs\ci4\public\index.php(37): CodeIgniter\CodeIgniter->run()
#9 {main}
CRITICAL - 2022-01-29 12:47:24 --> Undefined variable $titulo
#0 C:\xampp\htdocs\ci4\app\Views\Menu.php(95): CodeIgniter\Debug\Exceptions->errorHandler(2, 'Undefined varia...', 'C:\\xampp\\htdocs...', 95)
#1 C:\xampp\htdocs\ci4\system\View\View.php(212): include('C:\\xampp\\htdocs...')
#2 C:\xampp\htdocs\ci4\system\View\View.php(215): CodeIgniter\View\View->CodeIgniter\View\{closure}()
#3 C:\xampp\htdocs\ci4\system\Common.php(1119): CodeIgniter\View\View->render('menu', Array, true)
#4 C:\xampp\htdocs\ci4\app\Controllers\Ola.php(7): view('menu')
#5 C:\xampp\htdocs\ci4\system\CodeIgniter.php(825): App\Controllers\ola->index()
#6 C:\xampp\htdocs\ci4\system\CodeIgniter.php(412): CodeIgniter\CodeIgniter->runController(Object(App\Controllers\ola))
#7 C:\xampp\htdocs\ci4\system\CodeIgniter.php(320): CodeIgniter\CodeIgniter->handleRequest(NULL, Object(Config\Cache), false)
#8 C:\xampp\htdocs\ci4\public\index.php(37): CodeIgniter\CodeIgniter->run()
#9 {main}
