CRITICAL - 2022-01-30 04:48:32 --> Undefined property: App\Controllers\Categorias::$load
#0 C:\xampp\htdocs\ci4\app\Controllers\Categorias.php(63): CodeIgniter\Debug\Exceptions->errorHandler(2, 'Undefined prope...', 'C:\\xampp\\htdocs...', 63)
#1 C:\xampp\htdocs\ci4\system\CodeIgniter.php(825): App\Controllers\Categorias->inserir()
#2 C:\xampp\htdocs\ci4\system\CodeIgniter.php(412): CodeIgniter\CodeIgniter->runController(Object(App\Controllers\Categorias))
#3 C:\xampp\htdocs\ci4\system\CodeIgniter.php(320): CodeIgniter\CodeIgniter->handleRequest(NULL, Object(Config\Cache), false)
#4 C:\xampp\htdocs\ci4\public\index.php(37): CodeIgniter\CodeIgniter->run()
#5 {main}
CRITICAL - 2022-01-30 04:48:51 --> Undefined property: App\Controllers\Categorias::$load
#0 C:\xampp\htdocs\ci4\app\Controllers\Categorias.php(63): CodeIgniter\Debug\Exceptions->errorHandler(2, 'Undefined prope...', 'C:\\xampp\\htdocs...', 63)
#1 C:\xampp\htdocs\ci4\system\CodeIgniter.php(825): App\Controllers\Categorias->inserir()
#2 C:\xampp\htdocs\ci4\system\CodeIgniter.php(412): CodeIgniter\CodeIgniter->runController(Object(App\Controllers\Categorias))
#3 C:\xampp\htdocs\ci4\system\CodeIgniter.php(320): CodeIgniter\CodeIgniter->handleRequest(NULL, Object(Config\Cache), false)
#4 C:\xampp\htdocs\ci4\public\index.php(37): CodeIgniter\CodeIgniter->run()
#5 {main}
CRITICAL - 2022-01-30 04:50:21 --> Undefined property: App\Controllers\Categorias::$load
#0 C:\xampp\htdocs\ci4\app\Controllers\Categorias.php(63): CodeIgniter\Debug\Exceptions->errorHandler(2, 'Undefined prope...', 'C:\\xampp\\htdocs...', 63)
#1 C:\xampp\htdocs\ci4\system\CodeIgniter.php(825): App\Controllers\Categorias->inserir()
#2 C:\xampp\htdocs\ci4\system\CodeIgniter.php(412): CodeIgniter\CodeIgniter->runController(Object(App\Controllers\Categorias))
#3 C:\xampp\htdocs\ci4\system\CodeIgniter.php(320): CodeIgniter\CodeIgniter->handleRequest(NULL, Object(Config\Cache), false)
#4 C:\xampp\htdocs\ci4\public\index.php(37): CodeIgniter\CodeIgniter->run()
#5 {main}
CRITICAL - 2022-01-30 04:50:31 --> Undefined property: App\Controllers\Categorias::$load
#0 C:\xampp\htdocs\ci4\app\Controllers\Categorias.php(63): CodeIgniter\Debug\Exceptions->errorHandler(2, 'Undefined prope...', 'C:\\xampp\\htdocs...', 63)
#1 C:\xampp\htdocs\ci4\system\CodeIgniter.php(825): App\Controllers\Categorias->inserir()
#2 C:\xampp\htdocs\ci4\system\CodeIgniter.php(412): CodeIgniter\CodeIgniter->runController(Object(App\Controllers\Categorias))
#3 C:\xampp\htdocs\ci4\system\CodeIgniter.php(320): CodeIgniter\CodeIgniter->handleRequest(NULL, Object(Config\Cache), false)
#4 C:\xampp\htdocs\ci4\public\index.php(37): CodeIgniter\CodeIgniter->run()
#5 {main}
CRITICAL - 2022-01-30 05:12:34 --> Undefined property: App\Controllers\Categorias::$upload
#0 C:\xampp\htdocs\ci4\app\Controllers\Categorias.php(65): CodeIgniter\Debug\Exceptions->errorHandler(2, 'Undefined prope...', 'C:\\xampp\\htdocs...', 65)
#1 C:\xampp\htdocs\ci4\system\CodeIgniter.php(825): App\Controllers\Categorias->inserir()
#2 C:\xampp\htdocs\ci4\system\CodeIgniter.php(412): CodeIgniter\CodeIgniter->runController(Object(App\Controllers\Categorias))
#3 C:\xampp\htdocs\ci4\system\CodeIgniter.php(320): CodeIgniter\CodeIgniter->handleRequest(NULL, Object(Config\Cache), false)
#4 C:\xampp\htdocs\ci4\public\index.php(37): CodeIgniter\CodeIgniter->run()
#5 {main}
CRITICAL - 2022-01-30 05:13:17 --> Undefined property: App\Controllers\Categorias::$upload
#0 C:\xampp\htdocs\ci4\app\Controllers\Categorias.php(65): CodeIgniter\Debug\Exceptions->errorHandler(2, 'Undefined prope...', 'C:\\xampp\\htdocs...', 65)
#1 C:\xampp\htdocs\ci4\system\CodeIgniter.php(825): App\Controllers\Categorias->inserir()
#2 C:\xampp\htdocs\ci4\system\CodeIgniter.php(412): CodeIgniter\CodeIgniter->runController(Object(App\Controllers\Categorias))
#3 C:\xampp\htdocs\ci4\system\CodeIgniter.php(320): CodeIgniter\CodeIgniter->handleRequest(NULL, Object(Config\Cache), false)
#4 C:\xampp\htdocs\ci4\public\index.php(37): CodeIgniter\CodeIgniter->run()
#5 {main}
CRITICAL - 2022-01-30 05:13:26 --> Undefined property: App\Controllers\Categorias::$upload
#0 C:\xampp\htdocs\ci4\app\Controllers\Categorias.php(65): CodeIgniter\Debug\Exceptions->errorHandler(2, 'Undefined prope...', 'C:\\xampp\\htdocs...', 65)
#1 C:\xampp\htdocs\ci4\system\CodeIgniter.php(825): App\Controllers\Categorias->inserir()
#2 C:\xampp\htdocs\ci4\system\CodeIgniter.php(412): CodeIgniter\CodeIgniter->runController(Object(App\Controllers\Categorias))
#3 C:\xampp\htdocs\ci4\system\CodeIgniter.php(320): CodeIgniter\CodeIgniter->handleRequest(NULL, Object(Config\Cache), false)
#4 C:\xampp\htdocs\ci4\public\index.php(37): CodeIgniter\CodeIgniter->run()
#5 {main}
CRITICAL - 2022-01-30 05:32:55 --> Undefined property: App\Controllers\Categorias::$upload
#0 C:\xampp\htdocs\ci4\app\Controllers\Categorias.php(65): CodeIgniter\Debug\Exceptions->errorHandler(2, 'Undefined prope...', 'C:\\xampp\\htdocs...', 65)
#1 C:\xampp\htdocs\ci4\system\CodeIgniter.php(825): App\Controllers\Categorias->inserir()
#2 C:\xampp\htdocs\ci4\system\CodeIgniter.php(412): CodeIgniter\CodeIgniter->runController(Object(App\Controllers\Categorias))
#3 C:\xampp\htdocs\ci4\system\CodeIgniter.php(320): CodeIgniter\CodeIgniter->handleRequest(NULL, Object(Config\Cache), false)
#4 C:\xampp\htdocs\ci4\public\index.php(37): CodeIgniter\CodeIgniter->run()
#5 {main}
CRITICAL - 2022-01-30 05:33:01 --> Undefined property: App\Controllers\Categorias::$upload
#0 C:\xampp\htdocs\ci4\app\Controllers\Categorias.php(65): CodeIgniter\Debug\Exceptions->errorHandler(2, 'Undefined prope...', 'C:\\xampp\\htdocs...', 65)
#1 C:\xampp\htdocs\ci4\system\CodeIgniter.php(825): App\Controllers\Categorias->inserir()
#2 C:\xampp\htdocs\ci4\system\CodeIgniter.php(412): CodeIgniter\CodeIgniter->runController(Object(App\Controllers\Categorias))
#3 C:\xampp\htdocs\ci4\system\CodeIgniter.php(320): CodeIgniter\CodeIgniter->handleRequest(NULL, Object(Config\Cache), false)
#4 C:\xampp\htdocs\ci4\public\index.php(37): CodeIgniter\CodeIgniter->run()
#5 {main}
CRITICAL - 2022-01-30 05:34:24 --> Call to undefined function form_open_multipart()
#0 C:\xampp\htdocs\ci4\system\View\View.php(212): include()
#1 C:\xampp\htdocs\ci4\system\View\View.php(215): CodeIgniter\View\View->CodeIgniter\View\{closure}()
#2 C:\xampp\htdocs\ci4\system\Common.php(1119): CodeIgniter\View\View->render('menu_form', Array, true)
#3 C:\xampp\htdocs\ci4\app\Controllers\Categorias.php(75): view('menu_form', Array)
#4 C:\xampp\htdocs\ci4\system\CodeIgniter.php(825): App\Controllers\Categorias->inserir()
#5 C:\xampp\htdocs\ci4\system\CodeIgniter.php(412): CodeIgniter\CodeIgniter->runController(Object(App\Controllers\Categorias))
#6 C:\xampp\htdocs\ci4\system\CodeIgniter.php(320): CodeIgniter\CodeIgniter->handleRequest(NULL, Object(Config\Cache), false)
#7 C:\xampp\htdocs\ci4\public\index.php(37): CodeIgniter\CodeIgniter->run()
#8 {main}
CRITICAL - 2022-01-30 05:35:35 --> Call to undefined function form_close()
#0 C:\xampp\htdocs\ci4\system\View\View.php(212): include()
#1 C:\xampp\htdocs\ci4\system\View\View.php(215): CodeIgniter\View\View->CodeIgniter\View\{closure}()
#2 C:\xampp\htdocs\ci4\system\Common.php(1119): CodeIgniter\View\View->render('menu_form', Array, true)
#3 C:\xampp\htdocs\ci4\app\Controllers\Categorias.php(75): view('menu_form', Array)
#4 C:\xampp\htdocs\ci4\system\CodeIgniter.php(825): App\Controllers\Categorias->inserir()
#5 C:\xampp\htdocs\ci4\system\CodeIgniter.php(412): CodeIgniter\CodeIgniter->runController(Object(App\Controllers\Categorias))
#6 C:\xampp\htdocs\ci4\system\CodeIgniter.php(320): CodeIgniter\CodeIgniter->handleRequest(NULL, Object(Config\Cache), false)
#7 C:\xampp\htdocs\ci4\public\index.php(37): CodeIgniter\CodeIgniter->run()
#8 {main}
CRITICAL - 2022-01-30 06:34:14 --> Undefined variable $titulo
#0 C:\xampp\htdocs\ci4\app\Views\Menu1.php(92): CodeIgniter\Debug\Exceptions->errorHandler(2, 'Undefined varia...', 'C:\\xampp\\htdocs...', 92)
#1 C:\xampp\htdocs\ci4\system\View\View.php(212): include('C:\\xampp\\htdocs...')
#2 C:\xampp\htdocs\ci4\system\View\View.php(215): CodeIgniter\View\View->CodeIgniter\View\{closure}()
#3 C:\xampp\htdocs\ci4\system\View\View.php(228): CodeIgniter\View\View->render('Views/Menu1', Array, true)
#4 C:\xampp\htdocs\ci4\system\Common.php(1119): CodeIgniter\View\View->render('produtos/index', Array, true)
#5 C:\xampp\htdocs\ci4\app\Controllers\ProductController.php(7): view('produtos/index')
#6 C:\xampp\htdocs\ci4\system\CodeIgniter.php(825): App\Controllers\ProductController->index()
#7 C:\xampp\htdocs\ci4\system\CodeIgniter.php(412): CodeIgniter\CodeIgniter->runController(Object(App\Controllers\ProductController))
#8 C:\xampp\htdocs\ci4\system\CodeIgniter.php(320): CodeIgniter\CodeIgniter->handleRequest(NULL, Object(Config\Cache), false)
#9 C:\xampp\htdocs\ci4\public\index.php(37): CodeIgniter\CodeIgniter->run()
#10 {main}
ERROR - 2022-01-30 07:24:41 --> Unknown column 'nome' in 'field list'
CRITICAL - 2022-01-30 07:24:41 --> Unknown column 'nome' in 'field list'
#0 C:\xampp\htdocs\ci4\system\Database\MySQLi\Connection.php(292): mysqli->query('INSERT INTO `ca...', 0)
#1 C:\xampp\htdocs\ci4\system\Database\BaseConnection.php(670): CodeIgniter\Database\MySQLi\Connection->execute('INSERT INTO `ca...')
#2 C:\xampp\htdocs\ci4\system\Database\BaseConnection.php(598): CodeIgniter\Database\BaseConnection->simpleQuery('INSERT INTO `ca...')
#3 C:\xampp\htdocs\ci4\system\Database\BaseBuilder.php(1783): CodeIgniter\Database\BaseConnection->query('INSERT INTO `ca...', Array, false)
#4 C:\xampp\htdocs\ci4\system\Model.php(250): CodeIgniter\Database\BaseBuilder->insert()
#5 C:\xampp\htdocs\ci4\system\BaseModel.php(738): CodeIgniter\Model->doInsert(Array)
#6 C:\xampp\htdocs\ci4\system\Model.php(638): CodeIgniter\BaseModel->insert(Array, true)
#7 C:\xampp\htdocs\ci4\app\Controllers\Categorias.php(53): CodeIgniter\Model->insert()
#8 C:\xampp\htdocs\ci4\system\CodeIgniter.php(825): App\Controllers\Categorias->inserir()
#9 C:\xampp\htdocs\ci4\system\CodeIgniter.php(412): CodeIgniter\CodeIgniter->runController(Object(App\Controllers\Categorias))
#10 C:\xampp\htdocs\ci4\system\CodeIgniter.php(320): CodeIgniter\CodeIgniter->handleRequest(NULL, Object(Config\Cache), false)
#11 C:\xampp\htdocs\ci4\public\index.php(37): CodeIgniter\CodeIgniter->run()
#12 {main}
ERROR - 2022-01-30 07:25:06 --> Unknown column 'nome' in 'field list'
CRITICAL - 2022-01-30 07:25:06 --> Unknown column 'nome' in 'field list'
#0 C:\xampp\htdocs\ci4\system\Database\MySQLi\Connection.php(292): mysqli->query('INSERT INTO `ca...', 0)
#1 C:\xampp\htdocs\ci4\system\Database\BaseConnection.php(670): CodeIgniter\Database\MySQLi\Connection->execute('INSERT INTO `ca...')
#2 C:\xampp\htdocs\ci4\system\Database\BaseConnection.php(598): CodeIgniter\Database\BaseConnection->simpleQuery('INSERT INTO `ca...')
#3 C:\xampp\htdocs\ci4\system\Database\BaseBuilder.php(1783): CodeIgniter\Database\BaseConnection->query('INSERT INTO `ca...', Array, false)
#4 C:\xampp\htdocs\ci4\system\Model.php(250): CodeIgniter\Database\BaseBuilder->insert()
#5 C:\xampp\htdocs\ci4\system\BaseModel.php(738): CodeIgniter\Model->doInsert(Array)
#6 C:\xampp\htdocs\ci4\system\Model.php(638): CodeIgniter\BaseModel->insert(Array, true)
#7 C:\xampp\htdocs\ci4\app\Controllers\Categorias.php(53): CodeIgniter\Model->insert()
#8 C:\xampp\htdocs\ci4\system\CodeIgniter.php(825): App\Controllers\Categorias->inserir()
#9 C:\xampp\htdocs\ci4\system\CodeIgniter.php(412): CodeIgniter\CodeIgniter->runController(Object(App\Controllers\Categorias))
#10 C:\xampp\htdocs\ci4\system\CodeIgniter.php(320): CodeIgniter\CodeIgniter->handleRequest(NULL, Object(Config\Cache), false)
#11 C:\xampp\htdocs\ci4\public\index.php(37): CodeIgniter\CodeIgniter->run()
#12 {main}
CRITICAL - 2022-01-30 07:37:58 --> Undefined property: stdClass::$nomecategoria
#0 C:\xampp\htdocs\ci4\app\Views\Menu.php(112): CodeIgniter\Debug\Exceptions->errorHandler(2, 'Undefined prope...', 'C:\\xampp\\htdocs...', 112)
#1 C:\xampp\htdocs\ci4\system\View\View.php(212): include('C:\\xampp\\htdocs...')
#2 C:\xampp\htdocs\ci4\system\View\View.php(215): CodeIgniter\View\View->CodeIgniter\View\{closure}()
#3 C:\xampp\htdocs\ci4\system\Common.php(1119): CodeIgniter\View\View->render('menu', Array, true)
#4 C:\xampp\htdocs\ci4\app\Controllers\Categorias.php(29): view('menu', Array)
#5 C:\xampp\htdocs\ci4\system\CodeIgniter.php(825): App\Controllers\Categorias->index()
#6 C:\xampp\htdocs\ci4\system\CodeIgniter.php(412): CodeIgniter\CodeIgniter->runController(Object(App\Controllers\Categorias))
#7 C:\xampp\htdocs\ci4\system\CodeIgniter.php(320): CodeIgniter\CodeIgniter->handleRequest(NULL, Object(Config\Cache), false)
#8 C:\xampp\htdocs\ci4\public\index.php(37): CodeIgniter\CodeIgniter->run()
#9 {main}
CRITICAL - 2022-01-30 07:38:03 --> Undefined property: stdClass::$nomecategoria
#0 C:\xampp\htdocs\ci4\app\Views\Menu.php(112): CodeIgniter\Debug\Exceptions->errorHandler(2, 'Undefined prope...', 'C:\\xampp\\htdocs...', 112)
#1 C:\xampp\htdocs\ci4\system\View\View.php(212): include('C:\\xampp\\htdocs...')
#2 C:\xampp\htdocs\ci4\system\View\View.php(215): CodeIgniter\View\View->CodeIgniter\View\{closure}()
#3 C:\xampp\htdocs\ci4\system\Common.php(1119): CodeIgniter\View\View->render('menu', Array, true)
#4 C:\xampp\htdocs\ci4\app\Controllers\Categorias.php(29): view('menu', Array)
#5 C:\xampp\htdocs\ci4\system\CodeIgniter.php(825): App\Controllers\Categorias->index()
#6 C:\xampp\htdocs\ci4\system\CodeIgniter.php(412): CodeIgniter\CodeIgniter->runController(Object(App\Controllers\Categorias))
#7 C:\xampp\htdocs\ci4\system\CodeIgniter.php(320): CodeIgniter\CodeIgniter->handleRequest(NULL, Object(Config\Cache), false)
#8 C:\xampp\htdocs\ci4\public\index.php(37): CodeIgniter\CodeIgniter->run()
#9 {main}
ERROR - 2022-01-30 07:38:43 --> Column 'foto' cannot be null
CRITICAL - 2022-01-30 07:38:43 --> Column 'foto' cannot be null
#0 C:\xampp\htdocs\ci4\system\Database\MySQLi\Connection.php(292): mysqli->query('INSERT INTO `ca...', 0)
#1 C:\xampp\htdocs\ci4\system\Database\BaseConnection.php(670): CodeIgniter\Database\MySQLi\Connection->execute('INSERT INTO `ca...')
#2 C:\xampp\htdocs\ci4\system\Database\BaseConnection.php(598): CodeIgniter\Database\BaseConnection->simpleQuery('INSERT INTO `ca...')
#3 C:\xampp\htdocs\ci4\system\Database\BaseBuilder.php(1783): CodeIgniter\Database\BaseConnection->query('INSERT INTO `ca...', Array, false)
#4 C:\xampp\htdocs\ci4\system\Model.php(250): CodeIgniter\Database\BaseBuilder->insert()
#5 C:\xampp\htdocs\ci4\system\BaseModel.php(738): CodeIgniter\Model->doInsert(Array)
#6 C:\xampp\htdocs\ci4\system\Model.php(638): CodeIgniter\BaseModel->insert(Array, true)
#7 C:\xampp\htdocs\ci4\app\Controllers\Categorias.php(54): CodeIgniter\Model->insert()
#8 C:\xampp\htdocs\ci4\system\CodeIgniter.php(825): App\Controllers\Categorias->inserir()
#9 C:\xampp\htdocs\ci4\system\CodeIgniter.php(412): CodeIgniter\CodeIgniter->runController(Object(App\Controllers\Categorias))
#10 C:\xampp\htdocs\ci4\system\CodeIgniter.php(320): CodeIgniter\CodeIgniter->handleRequest(NULL, Object(Config\Cache), false)
#11 C:\xampp\htdocs\ci4\public\index.php(37): CodeIgniter\CodeIgniter->run()
#12 {main}
CRITICAL - 2022-01-30 07:41:55 --> Call to a member function isValid() on null
#0 C:\xampp\htdocs\ci4\system\CodeIgniter.php(825): App\Controllers\Categorias->inserir()
#1 C:\xampp\htdocs\ci4\system\CodeIgniter.php(412): CodeIgniter\CodeIgniter->runController(Object(App\Controllers\Categorias))
#2 C:\xampp\htdocs\ci4\system\CodeIgniter.php(320): CodeIgniter\CodeIgniter->handleRequest(NULL, Object(Config\Cache), false)
#3 C:\xampp\htdocs\ci4\public\index.php(37): CodeIgniter\CodeIgniter->run()
#4 {main}
CRITICAL - 2022-01-30 07:42:07 --> Call to a member function isValid() on null
#0 C:\xampp\htdocs\ci4\system\CodeIgniter.php(825): App\Controllers\Categorias->inserir()
#1 C:\xampp\htdocs\ci4\system\CodeIgniter.php(412): CodeIgniter\CodeIgniter->runController(Object(App\Controllers\Categorias))
#2 C:\xampp\htdocs\ci4\system\CodeIgniter.php(320): CodeIgniter\CodeIgniter->handleRequest(NULL, Object(Config\Cache), false)
#3 C:\xampp\htdocs\ci4\public\index.php(37): CodeIgniter\CodeIgniter->run()
#4 {main}
CRITICAL - 2022-01-30 07:42:08 --> Undefined property: stdClass::$nomecategoria
#0 C:\xampp\htdocs\ci4\app\Views\Menu.php(112): CodeIgniter\Debug\Exceptions->errorHandler(2, 'Undefined prope...', 'C:\\xampp\\htdocs...', 112)
#1 C:\xampp\htdocs\ci4\system\View\View.php(212): include('C:\\xampp\\htdocs...')
#2 C:\xampp\htdocs\ci4\system\View\View.php(215): CodeIgniter\View\View->CodeIgniter\View\{closure}()
#3 C:\xampp\htdocs\ci4\system\Common.php(1119): CodeIgniter\View\View->render('menu', Array, true)
#4 C:\xampp\htdocs\ci4\app\Controllers\Categorias.php(29): view('menu', Array)
#5 C:\xampp\htdocs\ci4\system\CodeIgniter.php(825): App\Controllers\Categorias->index()
#6 C:\xampp\htdocs\ci4\system\CodeIgniter.php(412): CodeIgniter\CodeIgniter->runController(Object(App\Controllers\Categorias))
#7 C:\xampp\htdocs\ci4\system\CodeIgniter.php(320): CodeIgniter\CodeIgniter->handleRequest(NULL, Object(Config\Cache), false)
#8 C:\xampp\htdocs\ci4\public\index.php(37): CodeIgniter\CodeIgniter->run()
#9 {main}
CRITICAL - 2022-01-30 07:42:10 --> Call to a member function isValid() on null
#0 C:\xampp\htdocs\ci4\system\CodeIgniter.php(825): App\Controllers\Categorias->inserir()
#1 C:\xampp\htdocs\ci4\system\CodeIgniter.php(412): CodeIgniter\CodeIgniter->runController(Object(App\Controllers\Categorias))
#2 C:\xampp\htdocs\ci4\system\CodeIgniter.php(320): CodeIgniter\CodeIgniter->handleRequest(NULL, Object(Config\Cache), false)
#3 C:\xampp\htdocs\ci4\public\index.php(37): CodeIgniter\CodeIgniter->run()
#4 {main}
CRITICAL - 2022-01-30 07:42:30 --> Call to a member function isValid() on null
#0 C:\xampp\htdocs\ci4\system\CodeIgniter.php(825): App\Controllers\Categorias->inserir()
#1 C:\xampp\htdocs\ci4\system\CodeIgniter.php(412): CodeIgniter\CodeIgniter->runController(Object(App\Controllers\Categorias))
#2 C:\xampp\htdocs\ci4\system\CodeIgniter.php(320): CodeIgniter\CodeIgniter->handleRequest(NULL, Object(Config\Cache), false)
#3 C:\xampp\htdocs\ci4\public\index.php(37): CodeIgniter\CodeIgniter->run()
#4 {main}
CRITICAL - 2022-01-30 07:42:31 --> Call to a member function isValid() on null
#0 C:\xampp\htdocs\ci4\system\CodeIgniter.php(825): App\Controllers\Categorias->inserir()
#1 C:\xampp\htdocs\ci4\system\CodeIgniter.php(412): CodeIgniter\CodeIgniter->runController(Object(App\Controllers\Categorias))
#2 C:\xampp\htdocs\ci4\system\CodeIgniter.php(320): CodeIgniter\CodeIgniter->handleRequest(NULL, Object(Config\Cache), false)
#3 C:\xampp\htdocs\ci4\public\index.php(37): CodeIgniter\CodeIgniter->run()
#4 {main}
CRITICAL - 2022-01-30 07:42:47 --> Undefined property: stdClass::$nomecategoria
#0 C:\xampp\htdocs\ci4\app\Views\Menu.php(112): CodeIgniter\Debug\Exceptions->errorHandler(2, 'Undefined prope...', 'C:\\xampp\\htdocs...', 112)
#1 C:\xampp\htdocs\ci4\system\View\View.php(212): include('C:\\xampp\\htdocs...')
#2 C:\xampp\htdocs\ci4\system\View\View.php(215): CodeIgniter\View\View->CodeIgniter\View\{closure}()
#3 C:\xampp\htdocs\ci4\system\Common.php(1119): CodeIgniter\View\View->render('menu', Array, true)
#4 C:\xampp\htdocs\ci4\app\Controllers\Categorias.php(29): view('menu', Array)
#5 C:\xampp\htdocs\ci4\system\CodeIgniter.php(825): App\Controllers\Categorias->index()
#6 C:\xampp\htdocs\ci4\system\CodeIgniter.php(412): CodeIgniter\CodeIgniter->runController(Object(App\Controllers\Categorias))
#7 C:\xampp\htdocs\ci4\system\CodeIgniter.php(320): CodeIgniter\CodeIgniter->handleRequest(NULL, Object(Config\Cache), false)
#8 C:\xampp\htdocs\ci4\public\index.php(37): CodeIgniter\CodeIgniter->run()
#9 {main}
CRITICAL - 2022-01-30 07:42:53 --> Call to a member function isValid() on null
#0 C:\xampp\htdocs\ci4\system\CodeIgniter.php(825): App\Controllers\Categorias->inserir()
#1 C:\xampp\htdocs\ci4\system\CodeIgniter.php(412): CodeIgniter\CodeIgniter->runController(Object(App\Controllers\Categorias))
#2 C:\xampp\htdocs\ci4\system\CodeIgniter.php(320): CodeIgniter\CodeIgniter->handleRequest(NULL, Object(Config\Cache), false)
#3 C:\xampp\htdocs\ci4\public\index.php(37): CodeIgniter\CodeIgniter->run()
#4 {main}
CRITICAL - 2022-01-30 07:43:22 --> Call to a member function isValid() on null
#0 C:\xampp\htdocs\ci4\system\CodeIgniter.php(825): App\Controllers\Categorias->inserir()
#1 C:\xampp\htdocs\ci4\system\CodeIgniter.php(412): CodeIgniter\CodeIgniter->runController(Object(App\Controllers\Categorias))
#2 C:\xampp\htdocs\ci4\system\CodeIgniter.php(320): CodeIgniter\CodeIgniter->handleRequest(NULL, Object(Config\Cache), false)
#3 C:\xampp\htdocs\ci4\public\index.php(37): CodeIgniter\CodeIgniter->run()
#4 {main}
CRITICAL - 2022-01-30 07:44:16 --> Call to a member function isValid() on null
#0 C:\xampp\htdocs\ci4\system\CodeIgniter.php(825): App\Controllers\Categorias->inserir()
#1 C:\xampp\htdocs\ci4\system\CodeIgniter.php(412): CodeIgniter\CodeIgniter->runController(Object(App\Controllers\Categorias))
#2 C:\xampp\htdocs\ci4\system\CodeIgniter.php(320): CodeIgniter\CodeIgniter->handleRequest(NULL, Object(Config\Cache), false)
#3 C:\xampp\htdocs\ci4\public\index.php(37): CodeIgniter\CodeIgniter->run()
#4 {main}
CRITICAL - 2022-01-30 07:47:17 --> Call to a member function getRandomName() on null
#0 C:\xampp\htdocs\ci4\system\CodeIgniter.php(825): App\Controllers\Categorias->inserir()
#1 C:\xampp\htdocs\ci4\system\CodeIgniter.php(412): CodeIgniter\CodeIgniter->runController(Object(App\Controllers\Categorias))
#2 C:\xampp\htdocs\ci4\system\CodeIgniter.php(320): CodeIgniter\CodeIgniter->handleRequest(NULL, Object(Config\Cache), false)
#3 C:\xampp\htdocs\ci4\public\index.php(37): CodeIgniter\CodeIgniter->run()
#4 {main}
CRITICAL - 2022-01-30 07:47:29 --> Call to a member function move() on null
#0 C:\xampp\htdocs\ci4\system\CodeIgniter.php(825): App\Controllers\Categorias->inserir()
#1 C:\xampp\htdocs\ci4\system\CodeIgniter.php(412): CodeIgniter\CodeIgniter->runController(Object(App\Controllers\Categorias))
#2 C:\xampp\htdocs\ci4\system\CodeIgniter.php(320): CodeIgniter\CodeIgniter->handleRequest(NULL, Object(Config\Cache), false)
#3 C:\xampp\htdocs\ci4\public\index.php(37): CodeIgniter\CodeIgniter->run()
#4 {main}
CRITICAL - 2022-01-30 07:48:28 --> Call to a member function hasMoved() on null
#0 C:\xampp\htdocs\ci4\system\CodeIgniter.php(825): App\Controllers\Categorias->inserir()
#1 C:\xampp\htdocs\ci4\system\CodeIgniter.php(412): CodeIgniter\CodeIgniter->runController(Object(App\Controllers\Categorias))
#2 C:\xampp\htdocs\ci4\system\CodeIgniter.php(320): CodeIgniter\CodeIgniter->handleRequest(NULL, Object(Config\Cache), false)
#3 C:\xampp\htdocs\ci4\public\index.php(37): CodeIgniter\CodeIgniter->run()
#4 {main}
CRITICAL - 2022-01-30 07:48:52 --> Call to a member function hasMoved() on null
#0 C:\xampp\htdocs\ci4\system\CodeIgniter.php(825): App\Controllers\Categorias->inserir()
#1 C:\xampp\htdocs\ci4\system\CodeIgniter.php(412): CodeIgniter\CodeIgniter->runController(Object(App\Controllers\Categorias))
#2 C:\xampp\htdocs\ci4\system\CodeIgniter.php(320): CodeIgniter\CodeIgniter->handleRequest(NULL, Object(Config\Cache), false)
#3 C:\xampp\htdocs\ci4\public\index.php(37): CodeIgniter\CodeIgniter->run()
#4 {main}
CRITICAL - 2022-01-30 07:49:01 --> Call to a member function hasMoved() on null
#0 C:\xampp\htdocs\ci4\system\CodeIgniter.php(825): App\Controllers\Categorias->inserir()
#1 C:\xampp\htdocs\ci4\system\CodeIgniter.php(412): CodeIgniter\CodeIgniter->runController(Object(App\Controllers\Categorias))
#2 C:\xampp\htdocs\ci4\system\CodeIgniter.php(320): CodeIgniter\CodeIgniter->handleRequest(NULL, Object(Config\Cache), false)
#3 C:\xampp\htdocs\ci4\public\index.php(37): CodeIgniter\CodeIgniter->run()
#4 {main}
CRITICAL - 2022-01-30 07:49:43 --> Undefined property: App\Controllers\Categorias::$1643550583_136b30cc470211651c64.png
#0 C:\xampp\htdocs\ci4\app\Controllers\Categorias.php(57): CodeIgniter\Debug\Exceptions->errorHandler(2, 'Undefined prope...', 'C:\\xampp\\htdocs...', 57)
#1 C:\xampp\htdocs\ci4\system\CodeIgniter.php(825): App\Controllers\Categorias->inserir()
#2 C:\xampp\htdocs\ci4\system\CodeIgniter.php(412): CodeIgniter\CodeIgniter->runController(Object(App\Controllers\Categorias))
#3 C:\xampp\htdocs\ci4\system\CodeIgniter.php(320): CodeIgniter\CodeIgniter->handleRequest(NULL, Object(Config\Cache), false)
#4 C:\xampp\htdocs\ci4\public\index.php(37): CodeIgniter\CodeIgniter->run()
#5 {main}
CRITICAL - 2022-01-30 07:51:54 --> Call to a member function isValid() on null
#0 C:\xampp\htdocs\ci4\system\CodeIgniter.php(825): App\Controllers\Categorias->inserir()
#1 C:\xampp\htdocs\ci4\system\CodeIgniter.php(412): CodeIgniter\CodeIgniter->runController(Object(App\Controllers\Categorias))
#2 C:\xampp\htdocs\ci4\system\CodeIgniter.php(320): CodeIgniter\CodeIgniter->handleRequest(NULL, Object(Config\Cache), false)
#3 C:\xampp\htdocs\ci4\public\index.php(37): CodeIgniter\CodeIgniter->run()
#4 {main}
CRITICAL - 2022-01-30 07:52:00 --> Call to a member function isValid() on null
#0 C:\xampp\htdocs\ci4\system\CodeIgniter.php(825): App\Controllers\Categorias->inserir()
#1 C:\xampp\htdocs\ci4\system\CodeIgniter.php(412): CodeIgniter\CodeIgniter->runController(Object(App\Controllers\Categorias))
#2 C:\xampp\htdocs\ci4\system\CodeIgniter.php(320): CodeIgniter\CodeIgniter->handleRequest(NULL, Object(Config\Cache), false)
#3 C:\xampp\htdocs\ci4\public\index.php(37): CodeIgniter\CodeIgniter->run()
#4 {main}
CRITICAL - 2022-01-30 07:52:01 --> Call to a member function isValid() on null
#0 C:\xampp\htdocs\ci4\system\CodeIgniter.php(825): App\Controllers\Categorias->inserir()
#1 C:\xampp\htdocs\ci4\system\CodeIgniter.php(412): CodeIgniter\CodeIgniter->runController(Object(App\Controllers\Categorias))
#2 C:\xampp\htdocs\ci4\system\CodeIgniter.php(320): CodeIgniter\CodeIgniter->handleRequest(NULL, Object(Config\Cache), false)
#3 C:\xampp\htdocs\ci4\public\index.php(37): CodeIgniter\CodeIgniter->run()
#4 {main}
CRITICAL - 2022-01-30 07:52:08 --> Call to a member function isValid() on null
#0 C:\xampp\htdocs\ci4\system\CodeIgniter.php(825): App\Controllers\Categorias->inserir()
#1 C:\xampp\htdocs\ci4\system\CodeIgniter.php(412): CodeIgniter\CodeIgniter->runController(Object(App\Controllers\Categorias))
#2 C:\xampp\htdocs\ci4\system\CodeIgniter.php(320): CodeIgniter\CodeIgniter->handleRequest(NULL, Object(Config\Cache), false)
#3 C:\xampp\htdocs\ci4\public\index.php(37): CodeIgniter\CodeIgniter->run()
#4 {main}
CRITICAL - 2022-01-30 07:52:11 --> Call to a member function isValid() on null
#0 C:\xampp\htdocs\ci4\system\CodeIgniter.php(825): App\Controllers\Categorias->inserir()
#1 C:\xampp\htdocs\ci4\system\CodeIgniter.php(412): CodeIgniter\CodeIgniter->runController(Object(App\Controllers\Categorias))
#2 C:\xampp\htdocs\ci4\system\CodeIgniter.php(320): CodeIgniter\CodeIgniter->handleRequest(NULL, Object(Config\Cache), false)
#3 C:\xampp\htdocs\ci4\public\index.php(37): CodeIgniter\CodeIgniter->run()
#4 {main}
CRITICAL - 2022-01-30 07:52:18 --> Call to a member function isValid() on null
#0 C:\xampp\htdocs\ci4\system\CodeIgniter.php(825): App\Controllers\Categorias->inserir()
#1 C:\xampp\htdocs\ci4\system\CodeIgniter.php(412): CodeIgniter\CodeIgniter->runController(Object(App\Controllers\Categorias))
#2 C:\xampp\htdocs\ci4\system\CodeIgniter.php(320): CodeIgniter\CodeIgniter->handleRequest(NULL, Object(Config\Cache), false)
#3 C:\xampp\htdocs\ci4\public\index.php(37): CodeIgniter\CodeIgniter->run()
#4 {main}
CRITICAL - 2022-01-30 07:52:34 --> Call to a member function isValid() on null
#0 C:\xampp\htdocs\ci4\system\CodeIgniter.php(825): App\Controllers\Categorias->inserir()
#1 C:\xampp\htdocs\ci4\system\CodeIgniter.php(412): CodeIgniter\CodeIgniter->runController(Object(App\Controllers\Categorias))
#2 C:\xampp\htdocs\ci4\system\CodeIgniter.php(320): CodeIgniter\CodeIgniter->handleRequest(NULL, Object(Config\Cache), false)
#3 C:\xampp\htdocs\ci4\public\index.php(37): CodeIgniter\CodeIgniter->run()
#4 {main}
CRITICAL - 2022-01-30 07:54:20 --> Undefined property: App\Controllers\Categorias::$1643550860_487620fc3b7a12b0f199.png
#0 C:\xampp\htdocs\ci4\app\Controllers\Categorias.php(57): CodeIgniter\Debug\Exceptions->errorHandler(2, 'Undefined prope...', 'C:\\xampp\\htdocs...', 57)
#1 C:\xampp\htdocs\ci4\system\CodeIgniter.php(825): App\Controllers\Categorias->inserir()
#2 C:\xampp\htdocs\ci4\system\CodeIgniter.php(412): CodeIgniter\CodeIgniter->runController(Object(App\Controllers\Categorias))
#3 C:\xampp\htdocs\ci4\system\CodeIgniter.php(320): CodeIgniter\CodeIgniter->handleRequest(NULL, Object(Config\Cache), false)
#4 C:\xampp\htdocs\ci4\public\index.php(37): CodeIgniter\CodeIgniter->run()
#5 {main}
CRITICAL - 2022-01-30 10:58:26 --> Undefined property: stdClass::$nomecategoria
#0 C:\xampp\htdocs\ci4\app\Views\Menu.php(112): CodeIgniter\Debug\Exceptions->errorHandler(2, 'Undefined prope...', 'C:\\xampp\\htdocs...', 112)
#1 C:\xampp\htdocs\ci4\system\View\View.php(212): include('C:\\xampp\\htdocs...')
#2 C:\xampp\htdocs\ci4\system\View\View.php(215): CodeIgniter\View\View->CodeIgniter\View\{closure}()
#3 C:\xampp\htdocs\ci4\system\Common.php(1119): CodeIgniter\View\View->render('menu', Array, true)
#4 C:\xampp\htdocs\ci4\app\Controllers\Categorias.php(29): view('menu', Array)
#5 C:\xampp\htdocs\ci4\system\CodeIgniter.php(825): App\Controllers\Categorias->index()
#6 C:\xampp\htdocs\ci4\system\CodeIgniter.php(412): CodeIgniter\CodeIgniter->runController(Object(App\Controllers\Categorias))
#7 C:\xampp\htdocs\ci4\system\CodeIgniter.php(320): CodeIgniter\CodeIgniter->handleRequest(NULL, Object(Config\Cache), false)
#8 C:\xampp\htdocs\ci4\public\index.php(37): CodeIgniter\CodeIgniter->run()
#9 {main}
CRITICAL - 2022-01-30 11:20:47 --> Undefined property: App\Controllers\Categorias::$upload
#0 C:\xampp\htdocs\ci4\app\Controllers\Categorias.php(74): CodeIgniter\Debug\Exceptions->errorHandler(2, 'Undefined prope...', 'C:\\xampp\\htdocs...', 74)
#1 C:\xampp\htdocs\ci4\system\CodeIgniter.php(825): App\Controllers\Categorias->inserir()
#2 C:\xampp\htdocs\ci4\system\CodeIgniter.php(412): CodeIgniter\CodeIgniter->runController(Object(App\Controllers\Categorias))
#3 C:\xampp\htdocs\ci4\system\CodeIgniter.php(320): CodeIgniter\CodeIgniter->handleRequest(NULL, Object(Config\Cache), false)
#4 C:\xampp\htdocs\ci4\public\index.php(37): CodeIgniter\CodeIgniter->run()
#5 {main}
CRITICAL - 2022-01-30 11:31:31 --> Undefined property: App\Controllers\Categorias::$upload
#0 C:\xampp\htdocs\ci4\app\Controllers\Categorias.php(77): CodeIgniter\Debug\Exceptions->errorHandler(2, 'Undefined prope...', 'C:\\xampp\\htdocs...', 77)
#1 C:\xampp\htdocs\ci4\system\CodeIgniter.php(825): App\Controllers\Categorias->inserir()
#2 C:\xampp\htdocs\ci4\system\CodeIgniter.php(412): CodeIgniter\CodeIgniter->runController(Object(App\Controllers\Categorias))
#3 C:\xampp\htdocs\ci4\system\CodeIgniter.php(320): CodeIgniter\CodeIgniter->handleRequest(NULL, Object(Config\Cache), false)
#4 C:\xampp\htdocs\ci4\public\index.php(37): CodeIgniter\CodeIgniter->run()
#5 {main}
CRITICAL - 2022-01-30 11:49:41 --> Undefined property: App\Controllers\Categorias::$upload
#0 C:\xampp\htdocs\ci4\app\Controllers\Categorias.php(93): CodeIgniter\Debug\Exceptions->errorHandler(2, 'Undefined prope...', 'C:\\xampp\\htdocs...', 93)
#1 C:\xampp\htdocs\ci4\system\CodeIgniter.php(825): App\Controllers\Categorias->inserir()
#2 C:\xampp\htdocs\ci4\system\CodeIgniter.php(412): CodeIgniter\CodeIgniter->runController(Object(App\Controllers\Categorias))
#3 C:\xampp\htdocs\ci4\system\CodeIgniter.php(320): CodeIgniter\CodeIgniter->handleRequest(NULL, Object(Config\Cache), false)
#4 C:\xampp\htdocs\ci4\public\index.php(37): CodeIgniter\CodeIgniter->run()
#5 {main}
CRITICAL - 2022-01-30 11:49:43 --> Undefined property: App\Controllers\Categorias::$upload
#0 C:\xampp\htdocs\ci4\app\Controllers\Categorias.php(93): CodeIgniter\Debug\Exceptions->errorHandler(2, 'Undefined prope...', 'C:\\xampp\\htdocs...', 93)
#1 C:\xampp\htdocs\ci4\system\CodeIgniter.php(825): App\Controllers\Categorias->inserir()
#2 C:\xampp\htdocs\ci4\system\CodeIgniter.php(412): CodeIgniter\CodeIgniter->runController(Object(App\Controllers\Categorias))
#3 C:\xampp\htdocs\ci4\system\CodeIgniter.php(320): CodeIgniter\CodeIgniter->handleRequest(NULL, Object(Config\Cache), false)
#4 C:\xampp\htdocs\ci4\public\index.php(37): CodeIgniter\CodeIgniter->run()
#5 {main}
CRITICAL - 2022-01-30 11:49:48 --> Undefined property: App\Controllers\Categorias::$upload
#0 C:\xampp\htdocs\ci4\app\Controllers\Categorias.php(93): CodeIgniter\Debug\Exceptions->errorHandler(2, 'Undefined prope...', 'C:\\xampp\\htdocs...', 93)
#1 C:\xampp\htdocs\ci4\system\CodeIgniter.php(825): App\Controllers\Categorias->inserir()
#2 C:\xampp\htdocs\ci4\system\CodeIgniter.php(412): CodeIgniter\CodeIgniter->runController(Object(App\Controllers\Categorias))
#3 C:\xampp\htdocs\ci4\system\CodeIgniter.php(320): CodeIgniter\CodeIgniter->handleRequest(NULL, Object(Config\Cache), false)
#4 C:\xampp\htdocs\ci4\public\index.php(37): CodeIgniter\CodeIgniter->run()
#5 {main}
CRITICAL - 2022-01-30 11:55:29 --> Undefined property: App\Controllers\Categorias::$upload
#0 C:\xampp\htdocs\ci4\app\Controllers\Categorias.php(77): CodeIgniter\Debug\Exceptions->errorHandler(2, 'Undefined prope...', 'C:\\xampp\\htdocs...', 77)
#1 C:\xampp\htdocs\ci4\system\CodeIgniter.php(825): App\Controllers\Categorias->inserir()
#2 C:\xampp\htdocs\ci4\system\CodeIgniter.php(412): CodeIgniter\CodeIgniter->runController(Object(App\Controllers\Categorias))
#3 C:\xampp\htdocs\ci4\system\CodeIgniter.php(320): CodeIgniter\CodeIgniter->handleRequest(NULL, Object(Config\Cache), false)
#4 C:\xampp\htdocs\ci4\public\index.php(37): CodeIgniter\CodeIgniter->run()
#5 {main}
CRITICAL - 2022-01-30 11:56:20 --> Undefined property: App\Controllers\Categorias::$upload
#0 C:\xampp\htdocs\ci4\app\Controllers\Categorias.php(77): CodeIgniter\Debug\Exceptions->errorHandler(2, 'Undefined prope...', 'C:\\xampp\\htdocs...', 77)
#1 C:\xampp\htdocs\ci4\system\CodeIgniter.php(825): App\Controllers\Categorias->inserir()
#2 C:\xampp\htdocs\ci4\system\CodeIgniter.php(412): CodeIgniter\CodeIgniter->runController(Object(App\Controllers\Categorias))
#3 C:\xampp\htdocs\ci4\system\CodeIgniter.php(320): CodeIgniter\CodeIgniter->handleRequest(NULL, Object(Config\Cache), false)
#4 C:\xampp\htdocs\ci4\public\index.php(37): CodeIgniter\CodeIgniter->run()
#5 {main}
CRITICAL - 2022-01-30 11:57:58 --> Undefined property: App\Controllers\Categorias::$upload
#0 C:\xampp\htdocs\ci4\app\Controllers\Categorias.php(76): CodeIgniter\Debug\Exceptions->errorHandler(2, 'Undefined prope...', 'C:\\xampp\\htdocs...', 76)
#1 C:\xampp\htdocs\ci4\system\CodeIgniter.php(825): App\Controllers\Categorias->inserir()
#2 C:\xampp\htdocs\ci4\system\CodeIgniter.php(412): CodeIgniter\CodeIgniter->runController(Object(App\Controllers\Categorias))
#3 C:\xampp\htdocs\ci4\system\CodeIgniter.php(320): CodeIgniter\CodeIgniter->handleRequest(NULL, Object(Config\Cache), false)
#4 C:\xampp\htdocs\ci4\public\index.php(37): CodeIgniter\CodeIgniter->run()
#5 {main}
CRITICAL - 2022-01-30 12:05:51 --> Call to a member function isValid() on null
#0 C:\xampp\htdocs\ci4\system\CodeIgniter.php(825): App\Controllers\Categorias->inserir()
#1 C:\xampp\htdocs\ci4\system\CodeIgniter.php(412): CodeIgniter\CodeIgniter->runController(Object(App\Controllers\Categorias))
#2 C:\xampp\htdocs\ci4\system\CodeIgniter.php(320): CodeIgniter\CodeIgniter->handleRequest(NULL, Object(Config\Cache), false)
#3 C:\xampp\htdocs\ci4\public\index.php(37): CodeIgniter\CodeIgniter->run()
#4 {main}
CRITICAL - 2022-01-30 12:06:22 --> Undefined variable $config
#0 C:\xampp\htdocs\ci4\app\Controllers\Categorias.php(94): CodeIgniter\Debug\Exceptions->errorHandler(2, 'Undefined varia...', 'C:\\xampp\\htdocs...', 94)
#1 C:\xampp\htdocs\ci4\system\CodeIgniter.php(825): App\Controllers\Categorias->inserir()
#2 C:\xampp\htdocs\ci4\system\CodeIgniter.php(412): CodeIgniter\CodeIgniter->runController(Object(App\Controllers\Categorias))
#3 C:\xampp\htdocs\ci4\system\CodeIgniter.php(320): CodeIgniter\CodeIgniter->handleRequest(NULL, Object(Config\Cache), false)
#4 C:\xampp\htdocs\ci4\public\index.php(37): CodeIgniter\CodeIgniter->run()
#5 {main}
CRITICAL - 2022-01-30 12:06:35 --> Undefined variable $config
#0 C:\xampp\htdocs\ci4\app\Controllers\Categorias.php(92): CodeIgniter\Debug\Exceptions->errorHandler(2, 'Undefined varia...', 'C:\\xampp\\htdocs...', 92)
#1 C:\xampp\htdocs\ci4\system\CodeIgniter.php(825): App\Controllers\Categorias->inserir()
#2 C:\xampp\htdocs\ci4\system\CodeIgniter.php(412): CodeIgniter\CodeIgniter->runController(Object(App\Controllers\Categorias))
#3 C:\xampp\htdocs\ci4\system\CodeIgniter.php(320): CodeIgniter\CodeIgniter->handleRequest(NULL, Object(Config\Cache), false)
#4 C:\xampp\htdocs\ci4\public\index.php(37): CodeIgniter\CodeIgniter->run()
#5 {main}
CRITICAL - 2022-01-30 12:06:39 --> Undefined variable $config
#0 C:\xampp\htdocs\ci4\app\Controllers\Categorias.php(92): CodeIgniter\Debug\Exceptions->errorHandler(2, 'Undefined varia...', 'C:\\xampp\\htdocs...', 92)
#1 C:\xampp\htdocs\ci4\system\CodeIgniter.php(825): App\Controllers\Categorias->inserir()
#2 C:\xampp\htdocs\ci4\system\CodeIgniter.php(412): CodeIgniter\CodeIgniter->runController(Object(App\Controllers\Categorias))
#3 C:\xampp\htdocs\ci4\system\CodeIgniter.php(320): CodeIgniter\CodeIgniter->handleRequest(NULL, Object(Config\Cache), false)
#4 C:\xampp\htdocs\ci4\public\index.php(37): CodeIgniter\CodeIgniter->run()
#5 {main}
CRITICAL - 2022-01-30 12:07:13 --> Undefined variable $config
#0 C:\xampp\htdocs\ci4\app\Controllers\Categorias.php(92): CodeIgniter\Debug\Exceptions->errorHandler(2, 'Undefined varia...', 'C:\\xampp\\htdocs...', 92)
#1 C:\xampp\htdocs\ci4\system\CodeIgniter.php(825): App\Controllers\Categorias->inserir()
#2 C:\xampp\htdocs\ci4\system\CodeIgniter.php(412): CodeIgniter\CodeIgniter->runController(Object(App\Controllers\Categorias))
#3 C:\xampp\htdocs\ci4\system\CodeIgniter.php(320): CodeIgniter\CodeIgniter->handleRequest(NULL, Object(Config\Cache), false)
#4 C:\xampp\htdocs\ci4\public\index.php(37): CodeIgniter\CodeIgniter->run()
#5 {main}
CRITICAL - 2022-01-30 12:07:41 --> Call to a member function isValid() on null
#0 C:\xampp\htdocs\ci4\system\CodeIgniter.php(825): App\Controllers\Categorias->inserir()
#1 C:\xampp\htdocs\ci4\system\CodeIgniter.php(412): CodeIgniter\CodeIgniter->runController(Object(App\Controllers\Categorias))
#2 C:\xampp\htdocs\ci4\system\CodeIgniter.php(320): CodeIgniter\CodeIgniter->handleRequest(NULL, Object(Config\Cache), false)
#3 C:\xampp\htdocs\ci4\public\index.php(37): CodeIgniter\CodeIgniter->run()
#4 {main}
CRITICAL - 2022-01-30 12:07:54 --> Call to a member function isValid() on null
#0 C:\xampp\htdocs\ci4\system\CodeIgniter.php(825): App\Controllers\Categorias->inserir()
#1 C:\xampp\htdocs\ci4\system\CodeIgniter.php(412): CodeIgniter\CodeIgniter->runController(Object(App\Controllers\Categorias))
#2 C:\xampp\htdocs\ci4\system\CodeIgniter.php(320): CodeIgniter\CodeIgniter->handleRequest(NULL, Object(Config\Cache), false)
#3 C:\xampp\htdocs\ci4\public\index.php(37): CodeIgniter\CodeIgniter->run()
#4 {main}
CRITICAL - 2022-01-30 12:08:41 --> Call to a member function isValid() on null
#0 C:\xampp\htdocs\ci4\system\CodeIgniter.php(825): App\Controllers\Categorias->inserir()
#1 C:\xampp\htdocs\ci4\system\CodeIgniter.php(412): CodeIgniter\CodeIgniter->runController(Object(App\Controllers\Categorias))
#2 C:\xampp\htdocs\ci4\system\CodeIgniter.php(320): CodeIgniter\CodeIgniter->handleRequest(NULL, Object(Config\Cache), false)
#3 C:\xampp\htdocs\ci4\public\index.php(37): CodeIgniter\CodeIgniter->run()
#4 {main}
CRITICAL - 2022-01-30 12:59:45 --> Undefined property: CodeIgniter\HTTP\IncomingRequest::$1643569185_04beede3e11bd1d22e70.jpeg
#0 C:\xampp\htdocs\ci4\app\Controllers\Categorias.php(71): CodeIgniter\Debug\Exceptions->errorHandler(2, 'Undefined prope...', 'C:\\xampp\\htdocs...', 71)
#1 C:\xampp\htdocs\ci4\system\CodeIgniter.php(825): App\Controllers\Categorias->inserir()
#2 C:\xampp\htdocs\ci4\system\CodeIgniter.php(412): CodeIgniter\CodeIgniter->runController(Object(App\Controllers\Categorias))
#3 C:\xampp\htdocs\ci4\system\CodeIgniter.php(320): CodeIgniter\CodeIgniter->handleRequest(NULL, Object(Config\Cache), false)
#4 C:\xampp\htdocs\ci4\public\index.php(37): CodeIgniter\CodeIgniter->run()
#5 {main}
CRITICAL - 2022-01-30 13:03:24 --> Undefined property: App\Controllers\Categorias::$1643569404_a4c3cbc6d28e73e59784.jpeg
#0 C:\xampp\htdocs\ci4\app\Controllers\Categorias.php(71): CodeIgniter\Debug\Exceptions->errorHandler(2, 'Undefined prope...', 'C:\\xampp\\htdocs...', 71)
#1 C:\xampp\htdocs\ci4\system\CodeIgniter.php(825): App\Controllers\Categorias->inserir()
#2 C:\xampp\htdocs\ci4\system\CodeIgniter.php(412): CodeIgniter\CodeIgniter->runController(Object(App\Controllers\Categorias))
#3 C:\xampp\htdocs\ci4\system\CodeIgniter.php(320): CodeIgniter\CodeIgniter->handleRequest(NULL, Object(Config\Cache), false)
#4 C:\xampp\htdocs\ci4\public\index.php(37): CodeIgniter\CodeIgniter->run()
#5 {main}
CRITICAL - 2022-01-30 13:04:49 --> Undefined property: App\Controllers\Categorias::$1643569489_02426d9695fa89d91c81.jpeg
#0 C:\xampp\htdocs\ci4\app\Controllers\Categorias.php(71): CodeIgniter\Debug\Exceptions->errorHandler(2, 'Undefined prope...', 'C:\\xampp\\htdocs...', 71)
#1 C:\xampp\htdocs\ci4\system\CodeIgniter.php(825): App\Controllers\Categorias->inserir()
#2 C:\xampp\htdocs\ci4\system\CodeIgniter.php(412): CodeIgniter\CodeIgniter->runController(Object(App\Controllers\Categorias))
#3 C:\xampp\htdocs\ci4\system\CodeIgniter.php(320): CodeIgniter\CodeIgniter->handleRequest(NULL, Object(Config\Cache), false)
#4 C:\xampp\htdocs\ci4\public\index.php(37): CodeIgniter\CodeIgniter->run()
#5 {main}
CRITICAL - 2022-01-30 13:04:59 --> Undefined property: App\Controllers\Categorias::$1643569499_5e9c1fe6a49b8cc304d6.jpg
#0 C:\xampp\htdocs\ci4\app\Controllers\Categorias.php(71): CodeIgniter\Debug\Exceptions->errorHandler(2, 'Undefined prope...', 'C:\\xampp\\htdocs...', 71)
#1 C:\xampp\htdocs\ci4\system\CodeIgniter.php(825): App\Controllers\Categorias->inserir()
#2 C:\xampp\htdocs\ci4\system\CodeIgniter.php(412): CodeIgniter\CodeIgniter->runController(Object(App\Controllers\Categorias))
#3 C:\xampp\htdocs\ci4\system\CodeIgniter.php(320): CodeIgniter\CodeIgniter->handleRequest(NULL, Object(Config\Cache), false)
#4 C:\xampp\htdocs\ci4\public\index.php(37): CodeIgniter\CodeIgniter->run()
#5 {main}
CRITICAL - 2022-01-30 13:06:54 --> Undefined property: CodeIgniter\HTTP\IncomingRequest::$getFile
#0 C:\xampp\htdocs\ci4\app\Controllers\Categorias.php(71): CodeIgniter\Debug\Exceptions->errorHandler(2, 'Undefined prope...', 'C:\\xampp\\htdocs...', 71)
#1 C:\xampp\htdocs\ci4\system\CodeIgniter.php(825): App\Controllers\Categorias->inserir()
#2 C:\xampp\htdocs\ci4\system\CodeIgniter.php(412): CodeIgniter\CodeIgniter->runController(Object(App\Controllers\Categorias))
#3 C:\xampp\htdocs\ci4\system\CodeIgniter.php(320): CodeIgniter\CodeIgniter->handleRequest(NULL, Object(Config\Cache), false)
#4 C:\xampp\htdocs\ci4\public\index.php(37): CodeIgniter\CodeIgniter->run()
#5 {main}
CRITICAL - 2022-01-30 13:07:13 --> Undefined property: App\Controllers\Categorias::$1643569633_94c4219488834c95e801.jpg
#0 C:\xampp\htdocs\ci4\app\Controllers\Categorias.php(71): CodeIgniter\Debug\Exceptions->errorHandler(2, 'Undefined prope...', 'C:\\xampp\\htdocs...', 71)
#1 C:\xampp\htdocs\ci4\system\CodeIgniter.php(825): App\Controllers\Categorias->inserir()
#2 C:\xampp\htdocs\ci4\system\CodeIgniter.php(412): CodeIgniter\CodeIgniter->runController(Object(App\Controllers\Categorias))
#3 C:\xampp\htdocs\ci4\system\CodeIgniter.php(320): CodeIgniter\CodeIgniter->handleRequest(NULL, Object(Config\Cache), false)
#4 C:\xampp\htdocs\ci4\public\index.php(37): CodeIgniter\CodeIgniter->run()
#5 {main}
CRITICAL - 2022-01-30 13:07:39 --> Undefined property: App\Controllers\Categorias::$foto
#0 C:\xampp\htdocs\ci4\app\Controllers\Categorias.php(71): CodeIgniter\Debug\Exceptions->errorHandler(2, 'Undefined prope...', 'C:\\xampp\\htdocs...', 71)
#1 C:\xampp\htdocs\ci4\system\CodeIgniter.php(825): App\Controllers\Categorias->inserir()
#2 C:\xampp\htdocs\ci4\system\CodeIgniter.php(412): CodeIgniter\CodeIgniter->runController(Object(App\Controllers\Categorias))
#3 C:\xampp\htdocs\ci4\system\CodeIgniter.php(320): CodeIgniter\CodeIgniter->handleRequest(NULL, Object(Config\Cache), false)
#4 C:\xampp\htdocs\ci4\public\index.php(37): CodeIgniter\CodeIgniter->run()
#5 {main}
CRITICAL - 2022-01-30 13:10:46 --> Undefined property: stdClass::$nomecategoria
#0 C:\xampp\htdocs\ci4\app\Views\Menu.php(112): CodeIgniter\Debug\Exceptions->errorHandler(2, 'Undefined prope...', 'C:\\xampp\\htdocs...', 112)
#1 C:\xampp\htdocs\ci4\system\View\View.php(212): include('C:\\xampp\\htdocs...')
#2 C:\xampp\htdocs\ci4\system\View\View.php(215): CodeIgniter\View\View->CodeIgniter\View\{closure}()
#3 C:\xampp\htdocs\ci4\system\Common.php(1119): CodeIgniter\View\View->render('menu', Array, true)
#4 C:\xampp\htdocs\ci4\app\Controllers\Categorias.php(29): view('menu', Array)
#5 C:\xampp\htdocs\ci4\system\CodeIgniter.php(825): App\Controllers\Categorias->index()
#6 C:\xampp\htdocs\ci4\system\CodeIgniter.php(412): CodeIgniter\CodeIgniter->runController(Object(App\Controllers\Categorias))
#7 C:\xampp\htdocs\ci4\system\CodeIgniter.php(320): CodeIgniter\CodeIgniter->handleRequest(NULL, Object(Config\Cache), false)
#8 C:\xampp\htdocs\ci4\public\index.php(37): CodeIgniter\CodeIgniter->run()
#9 {main}
CRITICAL - 2022-01-30 13:13:06 --> Undefined property: stdClass::$nomecategoria
#0 C:\xampp\htdocs\ci4\app\Views\Menu_form.php(113): CodeIgniter\Debug\Exceptions->errorHandler(2, 'Undefined prope...', 'C:\\xampp\\htdocs...', 113)
#1 C:\xampp\htdocs\ci4\system\View\View.php(212): include('C:\\xampp\\htdocs...')
#2 C:\xampp\htdocs\ci4\system\View\View.php(215): CodeIgniter\View\View->CodeIgniter\View\{closure}()
#3 C:\xampp\htdocs\ci4\system\Common.php(1119): CodeIgniter\View\View->render('menu_form', Array, true)
#4 C:\xampp\htdocs\ci4\app\Controllers\Categorias.php(128): view('menu_form', Array)
#5 C:\xampp\htdocs\ci4\system\CodeIgniter.php(825): App\Controllers\Categorias->editar('1')
#6 C:\xampp\htdocs\ci4\system\CodeIgniter.php(412): CodeIgniter\CodeIgniter->runController(Object(App\Controllers\Categorias))
#7 C:\xampp\htdocs\ci4\system\CodeIgniter.php(320): CodeIgniter\CodeIgniter->handleRequest(NULL, Object(Config\Cache), false)
#8 C:\xampp\htdocs\ci4\public\index.php(37): CodeIgniter\CodeIgniter->run()
#9 {main}
CRITICAL - 2022-01-30 13:14:11 --> Undefined property: stdClass::$nomecategoria
#0 C:\xampp\htdocs\ci4\app\Views\Menu_form.php(113): CodeIgniter\Debug\Exceptions->errorHandler(2, 'Undefined prope...', 'C:\\xampp\\htdocs...', 113)
#1 C:\xampp\htdocs\ci4\system\View\View.php(212): include('C:\\xampp\\htdocs...')
#2 C:\xampp\htdocs\ci4\system\View\View.php(215): CodeIgniter\View\View->CodeIgniter\View\{closure}()
#3 C:\xampp\htdocs\ci4\system\Common.php(1119): CodeIgniter\View\View->render('menu_form', Array, true)
#4 C:\xampp\htdocs\ci4\app\Controllers\Categorias.php(128): view('menu_form', Array)
#5 C:\xampp\htdocs\ci4\system\CodeIgniter.php(825): App\Controllers\Categorias->editar('1')
#6 C:\xampp\htdocs\ci4\system\CodeIgniter.php(412): CodeIgniter\CodeIgniter->runController(Object(App\Controllers\Categorias))
#7 C:\xampp\htdocs\ci4\system\CodeIgniter.php(320): CodeIgniter\CodeIgniter->handleRequest(NULL, Object(Config\Cache), false)
#8 C:\xampp\htdocs\ci4\public\index.php(37): CodeIgniter\CodeIgniter->run()
#9 {main}
CRITICAL - 2022-01-30 14:58:19 --> Undefined variable $novoNomeo
#0 C:\xampp\htdocs\ci4\app\Views\Menu.php(113): CodeIgniter\Debug\Exceptions->errorHandler(2, 'Undefined varia...', 'C:\\xampp\\htdocs...', 113)
#1 C:\xampp\htdocs\ci4\system\View\View.php(212): include('C:\\xampp\\htdocs...')
#2 C:\xampp\htdocs\ci4\system\View\View.php(215): CodeIgniter\View\View->CodeIgniter\View\{closure}()
#3 C:\xampp\htdocs\ci4\system\Common.php(1119): CodeIgniter\View\View->render('menu', Array, true)
#4 C:\xampp\htdocs\ci4\app\Controllers\Categorias.php(29): view('menu', Array)
#5 C:\xampp\htdocs\ci4\system\CodeIgniter.php(825): App\Controllers\Categorias->index()
#6 C:\xampp\htdocs\ci4\system\CodeIgniter.php(412): CodeIgniter\CodeIgniter->runController(Object(App\Controllers\Categorias))
#7 C:\xampp\htdocs\ci4\system\CodeIgniter.php(320): CodeIgniter\CodeIgniter->handleRequest(NULL, Object(Config\Cache), false)
#8 C:\xampp\htdocs\ci4\public\index.php(37): CodeIgniter\CodeIgniter->run()
#9 {main}
CRITICAL - 2022-01-30 14:58:32 --> Object of class stdClass could not be converted to string
#0 C:\xampp\htdocs\ci4\system\View\View.php(212): include()
#1 C:\xampp\htdocs\ci4\system\View\View.php(215): CodeIgniter\View\View->CodeIgniter\View\{closure}()
#2 C:\xampp\htdocs\ci4\system\Common.php(1119): CodeIgniter\View\View->render('menu', Array, true)
#3 C:\xampp\htdocs\ci4\app\Controllers\Categorias.php(29): view('menu', Array)
#4 C:\xampp\htdocs\ci4\system\CodeIgniter.php(825): App\Controllers\Categorias->index()
#5 C:\xampp\htdocs\ci4\system\CodeIgniter.php(412): CodeIgniter\CodeIgniter->runController(Object(App\Controllers\Categorias))
#6 C:\xampp\htdocs\ci4\system\CodeIgniter.php(320): CodeIgniter\CodeIgniter->handleRequest(NULL, Object(Config\Cache), false)
#7 C:\xampp\htdocs\ci4\public\index.php(37): CodeIgniter\CodeIgniter->run()
#8 {main}
CRITICAL - 2022-01-30 14:58:42 --> Array to string conversion
#0 C:\xampp\htdocs\ci4\app\Views\Menu.php(113): CodeIgniter\Debug\Exceptions->errorHandler(2, 'Array to string...', 'C:\\xampp\\htdocs...', 113)
#1 C:\xampp\htdocs\ci4\system\View\View.php(212): include('C:\\xampp\\htdocs...')
#2 C:\xampp\htdocs\ci4\system\View\View.php(215): CodeIgniter\View\View->CodeIgniter\View\{closure}()
#3 C:\xampp\htdocs\ci4\system\Common.php(1119): CodeIgniter\View\View->render('menu', Array, true)
#4 C:\xampp\htdocs\ci4\app\Controllers\Categorias.php(29): view('menu', Array)
#5 C:\xampp\htdocs\ci4\system\CodeIgniter.php(825): App\Controllers\Categorias->index()
#6 C:\xampp\htdocs\ci4\system\CodeIgniter.php(412): CodeIgniter\CodeIgniter->runController(Object(App\Controllers\Categorias))
#7 C:\xampp\htdocs\ci4\system\CodeIgniter.php(320): CodeIgniter\CodeIgniter->handleRequest(NULL, Object(Config\Cache), false)
#8 C:\xampp\htdocs\ci4\public\index.php(37): CodeIgniter\CodeIgniter->run()
#9 {main}
CRITICAL - 2022-01-30 15:33:47 --> Undefined variable $novoNome
#0 C:\xampp\htdocs\ci4\app\Views\Menu.php(114): CodeIgniter\Debug\Exceptions->errorHandler(2, 'Undefined varia...', 'C:\\xampp\\htdocs...', 114)
#1 C:\xampp\htdocs\ci4\system\View\View.php(212): include('C:\\xampp\\htdocs...')
#2 C:\xampp\htdocs\ci4\system\View\View.php(215): CodeIgniter\View\View->CodeIgniter\View\{closure}()
#3 C:\xampp\htdocs\ci4\system\Common.php(1119): CodeIgniter\View\View->render('menu', Array, true)
#4 C:\xampp\htdocs\ci4\app\Controllers\Categorias.php(29): view('menu', Array)
#5 C:\xampp\htdocs\ci4\system\CodeIgniter.php(825): App\Controllers\Categorias->index()
#6 C:\xampp\htdocs\ci4\system\CodeIgniter.php(412): CodeIgniter\CodeIgniter->runController(Object(App\Controllers\Categorias))
#7 C:\xampp\htdocs\ci4\system\CodeIgniter.php(320): CodeIgniter\CodeIgniter->handleRequest(NULL, Object(Config\Cache), false)
#8 C:\xampp\htdocs\ci4\public\index.php(37): CodeIgniter\CodeIgniter->run()
#9 {main}
CRITICAL - 2022-01-30 15:33:52 --> Undefined constant "novoNome"
#0 C:\xampp\htdocs\ci4\system\View\View.php(212): include()
#1 C:\xampp\htdocs\ci4\system\View\View.php(215): CodeIgniter\View\View->CodeIgniter\View\{closure}()
#2 C:\xampp\htdocs\ci4\system\Common.php(1119): CodeIgniter\View\View->render('menu', Array, true)
#3 C:\xampp\htdocs\ci4\app\Controllers\Categorias.php(29): view('menu', Array)
#4 C:\xampp\htdocs\ci4\system\CodeIgniter.php(825): App\Controllers\Categorias->index()
#5 C:\xampp\htdocs\ci4\system\CodeIgniter.php(412): CodeIgniter\CodeIgniter->runController(Object(App\Controllers\Categorias))
#6 C:\xampp\htdocs\ci4\system\CodeIgniter.php(320): CodeIgniter\CodeIgniter->handleRequest(NULL, Object(Config\Cache), false)
#7 C:\xampp\htdocs\ci4\public\index.php(37): CodeIgniter\CodeIgniter->run()
#8 {main}
CRITICAL - 2022-01-30 15:34:19 --> Undefined constant "jpeg"
#0 C:\xampp\htdocs\ci4\system\View\View.php(212): include()
#1 C:\xampp\htdocs\ci4\system\View\View.php(215): CodeIgniter\View\View->CodeIgniter\View\{closure}()
#2 C:\xampp\htdocs\ci4\system\Common.php(1119): CodeIgniter\View\View->render('menu', Array, true)
#3 C:\xampp\htdocs\ci4\app\Controllers\Categorias.php(29): view('menu', Array)
#4 C:\xampp\htdocs\ci4\system\CodeIgniter.php(825): App\Controllers\Categorias->index()
#5 C:\xampp\htdocs\ci4\system\CodeIgniter.php(412): CodeIgniter\CodeIgniter->runController(Object(App\Controllers\Categorias))
#6 C:\xampp\htdocs\ci4\system\CodeIgniter.php(320): CodeIgniter\CodeIgniter->handleRequest(NULL, Object(Config\Cache), false)
#7 C:\xampp\htdocs\ci4\public\index.php(37): CodeIgniter\CodeIgniter->run()
#8 {main}
CRITICAL - 2022-01-30 15:47:07 --> Undefined variable $file
#0 C:\xampp\htdocs\ci4\app\Views\Menu.php(114): CodeIgniter\Debug\Exceptions->errorHandler(2, 'Undefined varia...', 'C:\\xampp\\htdocs...', 114)
#1 C:\xampp\htdocs\ci4\system\View\View.php(212): include('C:\\xampp\\htdocs...')
#2 C:\xampp\htdocs\ci4\system\View\View.php(215): CodeIgniter\View\View->CodeIgniter\View\{closure}()
#3 C:\xampp\htdocs\ci4\system\Common.php(1119): CodeIgniter\View\View->render('menu', Array, true)
#4 C:\xampp\htdocs\ci4\app\Controllers\Categorias.php(29): view('menu', Array)
#5 C:\xampp\htdocs\ci4\system\CodeIgniter.php(825): App\Controllers\Categorias->index()
#6 C:\xampp\htdocs\ci4\system\CodeIgniter.php(412): CodeIgniter\CodeIgniter->runController(Object(App\Controllers\Categorias))
#7 C:\xampp\htdocs\ci4\system\CodeIgniter.php(320): CodeIgniter\CodeIgniter->handleRequest(NULL, Object(Config\Cache), false)
#8 C:\xampp\htdocs\ci4\public\index.php(37): CodeIgniter\CodeIgniter->run()
#9 {main}
CRITICAL - 2022-01-30 15:59:35 --> Undefined variable $file
#0 C:\xampp\htdocs\ci4\app\Views\Menu.php(114): CodeIgniter\Debug\Exceptions->errorHandler(2, 'Undefined varia...', 'C:\\xampp\\htdocs...', 114)
#1 C:\xampp\htdocs\ci4\system\View\View.php(212): include('C:\\xampp\\htdocs...')
#2 C:\xampp\htdocs\ci4\system\View\View.php(215): CodeIgniter\View\View->CodeIgniter\View\{closure}()
#3 C:\xampp\htdocs\ci4\system\Common.php(1119): CodeIgniter\View\View->render('menu', Array, true)
#4 C:\xampp\htdocs\ci4\app\Controllers\Categorias.php(29): view('menu', Array)
#5 C:\xampp\htdocs\ci4\system\CodeIgniter.php(825): App\Controllers\Categorias->index()
#6 C:\xampp\htdocs\ci4\system\CodeIgniter.php(412): CodeIgniter\CodeIgniter->runController(Object(App\Controllers\Categorias))
#7 C:\xampp\htdocs\ci4\system\CodeIgniter.php(320): CodeIgniter\CodeIgniter->handleRequest(NULL, Object(Config\Cache), false)
#8 C:\xampp\htdocs\ci4\public\index.php(37): CodeIgniter\CodeIgniter->run()
#9 {main}
CRITICAL - 2022-01-30 15:59:48 --> Call to undefined method CodeIgniter\View\View::getName()
#0 C:\xampp\htdocs\ci4\system\View\View.php(212): include()
#1 C:\xampp\htdocs\ci4\system\View\View.php(215): CodeIgniter\View\View->CodeIgniter\View\{closure}()
#2 C:\xampp\htdocs\ci4\system\Common.php(1119): CodeIgniter\View\View->render('menu', Array, true)
#3 C:\xampp\htdocs\ci4\app\Controllers\Categorias.php(29): view('menu', Array)
#4 C:\xampp\htdocs\ci4\system\CodeIgniter.php(825): App\Controllers\Categorias->index()
#5 C:\xampp\htdocs\ci4\system\CodeIgniter.php(412): CodeIgniter\CodeIgniter->runController(Object(App\Controllers\Categorias))
#6 C:\xampp\htdocs\ci4\system\CodeIgniter.php(320): CodeIgniter\CodeIgniter->handleRequest(NULL, Object(Config\Cache), false)
#7 C:\xampp\htdocs\ci4\public\index.php(37): CodeIgniter\CodeIgniter->run()
#8 {main}
CRITICAL - 2022-01-30 16:00:14 --> Undefined property: CodeIgniter\View\View::$return
#0 C:\xampp\htdocs\ci4\app\Views\Menu.php(114): CodeIgniter\Debug\Exceptions->errorHandler(2, 'Undefined prope...', 'C:\\xampp\\htdocs...', 114)
#1 C:\xampp\htdocs\ci4\system\View\View.php(212): include('C:\\xampp\\htdocs...')
#2 C:\xampp\htdocs\ci4\system\View\View.php(215): CodeIgniter\View\View->CodeIgniter\View\{closure}()
#3 C:\xampp\htdocs\ci4\system\Common.php(1119): CodeIgniter\View\View->render('menu', Array, true)
#4 C:\xampp\htdocs\ci4\app\Controllers\Categorias.php(29): view('menu', Array)
#5 C:\xampp\htdocs\ci4\system\CodeIgniter.php(825): App\Controllers\Categorias->index()
#6 C:\xampp\htdocs\ci4\system\CodeIgniter.php(412): CodeIgniter\CodeIgniter->runController(Object(App\Controllers\Categorias))
#7 C:\xampp\htdocs\ci4\system\CodeIgniter.php(320): CodeIgniter\CodeIgniter->handleRequest(NULL, Object(Config\Cache), false)
#8 C:\xampp\htdocs\ci4\public\index.php(37): CodeIgniter\CodeIgniter->run()
#9 {main}
CRITICAL - 2022-01-30 16:00:25 --> Call to undefined function getName()
#0 C:\xampp\htdocs\ci4\system\View\View.php(212): include()
#1 C:\xampp\htdocs\ci4\system\View\View.php(215): CodeIgniter\View\View->CodeIgniter\View\{closure}()
#2 C:\xampp\htdocs\ci4\system\Common.php(1119): CodeIgniter\View\View->render('menu', Array, true)
#3 C:\xampp\htdocs\ci4\app\Controllers\Categorias.php(29): view('menu', Array)
#4 C:\xampp\htdocs\ci4\system\CodeIgniter.php(825): App\Controllers\Categorias->index()
#5 C:\xampp\htdocs\ci4\system\CodeIgniter.php(412): CodeIgniter\CodeIgniter->runController(Object(App\Controllers\Categorias))
#6 C:\xampp\htdocs\ci4\system\CodeIgniter.php(320): CodeIgniter\CodeIgniter->handleRequest(NULL, Object(Config\Cache), false)
#7 C:\xampp\htdocs\ci4\public\index.php(37): CodeIgniter\CodeIgniter->run()
#8 {main}
CRITICAL - 2022-01-30 16:00:35 --> Call to undefined function getName()
#0 C:\xampp\htdocs\ci4\system\View\View.php(212): include()
#1 C:\xampp\htdocs\ci4\system\View\View.php(215): CodeIgniter\View\View->CodeIgniter\View\{closure}()
#2 C:\xampp\htdocs\ci4\system\Common.php(1119): CodeIgniter\View\View->render('menu', Array, true)
#3 C:\xampp\htdocs\ci4\app\Controllers\Categorias.php(29): view('menu', Array)
#4 C:\xampp\htdocs\ci4\system\CodeIgniter.php(825): App\Controllers\Categorias->index()
#5 C:\xampp\htdocs\ci4\system\CodeIgniter.php(412): CodeIgniter\CodeIgniter->runController(Object(App\Controllers\Categorias))
#6 C:\xampp\htdocs\ci4\system\CodeIgniter.php(320): CodeIgniter\CodeIgniter->handleRequest(NULL, Object(Config\Cache), false)
#7 C:\xampp\htdocs\ci4\public\index.php(37): CodeIgniter\CodeIgniter->run()
#8 {main}
CRITICAL - 2022-01-30 17:37:45 --> Undefined variable $foto
#0 C:\xampp\htdocs\ci4\app\Views\Menu_form.php(103): CodeIgniter\Debug\Exceptions->errorHandler(2, 'Undefined varia...', 'C:\\xampp\\htdocs...', 103)
#1 C:\xampp\htdocs\ci4\system\View\View.php(212): include('C:\\xampp\\htdocs...')
#2 C:\xampp\htdocs\ci4\system\View\View.php(215): CodeIgniter\View\View->CodeIgniter\View\{closure}()
#3 C:\xampp\htdocs\ci4\system\Common.php(1119): CodeIgniter\View\View->render('menu_form', Array, true)
#4 C:\xampp\htdocs\ci4\app\Controllers\Categorias.php(92): view('menu_form', Array)
#5 C:\xampp\htdocs\ci4\system\CodeIgniter.php(825): App\Controllers\Categorias->inserir()
#6 C:\xampp\htdocs\ci4\system\CodeIgniter.php(412): CodeIgniter\CodeIgniter->runController(Object(App\Controllers\Categorias))
#7 C:\xampp\htdocs\ci4\system\CodeIgniter.php(320): CodeIgniter\CodeIgniter->handleRequest(NULL, Object(Config\Cache), false)
#8 C:\xampp\htdocs\ci4\public\index.php(37): CodeIgniter\CodeIgniter->run()
#9 {main}
CRITICAL - 2022-01-30 17:38:06 --> Undefined variable $foto
#0 C:\xampp\htdocs\ci4\app\Views\Menu_form.php(103): CodeIgniter\Debug\Exceptions->errorHandler(2, 'Undefined varia...', 'C:\\xampp\\htdocs...', 103)
#1 C:\xampp\htdocs\ci4\system\View\View.php(212): include('C:\\xampp\\htdocs...')
#2 C:\xampp\htdocs\ci4\system\View\View.php(215): CodeIgniter\View\View->CodeIgniter\View\{closure}()
#3 C:\xampp\htdocs\ci4\system\Common.php(1119): CodeIgniter\View\View->render('menu_form', Array, true)
#4 C:\xampp\htdocs\ci4\app\Controllers\Categorias.php(92): view('menu_form', Array)
#5 C:\xampp\htdocs\ci4\system\CodeIgniter.php(825): App\Controllers\Categorias->inserir()
#6 C:\xampp\htdocs\ci4\system\CodeIgniter.php(412): CodeIgniter\CodeIgniter->runController(Object(App\Controllers\Categorias))
#7 C:\xampp\htdocs\ci4\system\CodeIgniter.php(320): CodeIgniter\CodeIgniter->handleRequest(NULL, Object(Config\Cache), false)
#8 C:\xampp\htdocs\ci4\public\index.php(37): CodeIgniter\CodeIgniter->run()
#9 {main}
CRITICAL - 2022-01-30 17:42:51 --> Undefined variable $foto
#0 C:\xampp\htdocs\ci4\app\Views\Menu_form.php(103): CodeIgniter\Debug\Exceptions->errorHandler(2, 'Undefined varia...', 'C:\\xampp\\htdocs...', 103)
#1 C:\xampp\htdocs\ci4\system\View\View.php(212): include('C:\\xampp\\htdocs...')
#2 C:\xampp\htdocs\ci4\system\View\View.php(215): CodeIgniter\View\View->CodeIgniter\View\{closure}()
#3 C:\xampp\htdocs\ci4\system\Common.php(1119): CodeIgniter\View\View->render('menu_form', Array, true)
#4 C:\xampp\htdocs\ci4\app\Controllers\Categorias.php(122): view('menu_form', Array)
#5 C:\xampp\htdocs\ci4\system\CodeIgniter.php(825): App\Controllers\Categorias->editar('1')
#6 C:\xampp\htdocs\ci4\system\CodeIgniter.php(412): CodeIgniter\CodeIgniter->runController(Object(App\Controllers\Categorias))
#7 C:\xampp\htdocs\ci4\system\CodeIgniter.php(320): CodeIgniter\CodeIgniter->handleRequest(NULL, Object(Config\Cache), false)
#8 C:\xampp\htdocs\ci4\public\index.php(37): CodeIgniter\CodeIgniter->run()
#9 {main}
CRITICAL - 2022-01-30 17:43:14 --> Undefined variable $foto
#0 C:\xampp\htdocs\ci4\app\Views\Menu_form.php(103): CodeIgniter\Debug\Exceptions->errorHandler(2, 'Undefined varia...', 'C:\\xampp\\htdocs...', 103)
#1 C:\xampp\htdocs\ci4\system\View\View.php(212): include('C:\\xampp\\htdocs...')
#2 C:\xampp\htdocs\ci4\system\View\View.php(215): CodeIgniter\View\View->CodeIgniter\View\{closure}()
#3 C:\xampp\htdocs\ci4\system\Common.php(1119): CodeIgniter\View\View->render('menu_form', Array, true)
#4 C:\xampp\htdocs\ci4\app\Controllers\Categorias.php(92): view('menu_form', Array)
#5 C:\xampp\htdocs\ci4\system\CodeIgniter.php(825): App\Controllers\Categorias->inserir()
#6 C:\xampp\htdocs\ci4\system\CodeIgniter.php(412): CodeIgniter\CodeIgniter->runController(Object(App\Controllers\Categorias))
#7 C:\xampp\htdocs\ci4\system\CodeIgniter.php(320): CodeIgniter\CodeIgniter->handleRequest(NULL, Object(Config\Cache), false)
#8 C:\xampp\htdocs\ci4\public\index.php(37): CodeIgniter\CodeIgniter->run()
#9 {main}
CRITICAL - 2022-01-30 17:43:54 --> Undefined variable $foto
#0 C:\xampp\htdocs\ci4\app\Views\Menu.php(107): CodeIgniter\Debug\Exceptions->errorHandler(2, 'Undefined varia...', 'C:\\xampp\\htdocs...', 107)
#1 C:\xampp\htdocs\ci4\system\View\View.php(212): include('C:\\xampp\\htdocs...')
#2 C:\xampp\htdocs\ci4\system\View\View.php(215): CodeIgniter\View\View->CodeIgniter\View\{closure}()
#3 C:\xampp\htdocs\ci4\system\Common.php(1119): CodeIgniter\View\View->render('menu', Array, true)
#4 C:\xampp\htdocs\ci4\app\Controllers\Categorias.php(29): view('menu', Array)
#5 C:\xampp\htdocs\ci4\system\CodeIgniter.php(825): App\Controllers\Categorias->index()
#6 C:\xampp\htdocs\ci4\system\CodeIgniter.php(412): CodeIgniter\CodeIgniter->runController(Object(App\Controllers\Categorias))
#7 C:\xampp\htdocs\ci4\system\CodeIgniter.php(320): CodeIgniter\CodeIgniter->handleRequest(NULL, Object(Config\Cache), false)
#8 C:\xampp\htdocs\ci4\public\index.php(37): CodeIgniter\CodeIgniter->run()
#9 {main}
CRITICAL - 2022-01-30 17:44:16 --> Undefined variable $foto
#0 C:\xampp\htdocs\ci4\app\Views\Menu.php(107): CodeIgniter\Debug\Exceptions->errorHandler(2, 'Undefined varia...', 'C:\\xampp\\htdocs...', 107)
#1 C:\xampp\htdocs\ci4\system\View\View.php(212): include('C:\\xampp\\htdocs...')
#2 C:\xampp\htdocs\ci4\system\View\View.php(215): CodeIgniter\View\View->CodeIgniter\View\{closure}()
#3 C:\xampp\htdocs\ci4\system\Common.php(1119): CodeIgniter\View\View->render('menu', Array, true)
#4 C:\xampp\htdocs\ci4\app\Controllers\Categorias.php(29): view('menu', Array)
#5 C:\xampp\htdocs\ci4\system\CodeIgniter.php(825): App\Controllers\Categorias->index()
#6 C:\xampp\htdocs\ci4\system\CodeIgniter.php(412): CodeIgniter\CodeIgniter->runController(Object(App\Controllers\Categorias))
#7 C:\xampp\htdocs\ci4\system\CodeIgniter.php(320): CodeIgniter\CodeIgniter->handleRequest(NULL, Object(Config\Cache), false)
#8 C:\xampp\htdocs\ci4\public\index.php(37): CodeIgniter\CodeIgniter->run()
#9 {main}
CRITICAL - 2022-01-30 17:48:52 --> Undefined variable $foto
#0 C:\xampp\htdocs\ci4\app\Views\Menu.php(107): CodeIgniter\Debug\Exceptions->errorHandler(2, 'Undefined varia...', 'C:\\xampp\\htdocs...', 107)
#1 C:\xampp\htdocs\ci4\system\View\View.php(212): include('C:\\xampp\\htdocs...')
#2 C:\xampp\htdocs\ci4\system\View\View.php(215): CodeIgniter\View\View->CodeIgniter\View\{closure}()
#3 C:\xampp\htdocs\ci4\system\Common.php(1119): CodeIgniter\View\View->render('menu', Array, true)
#4 C:\xampp\htdocs\ci4\app\Controllers\Categorias.php(29): view('menu', Array)
#5 C:\xampp\htdocs\ci4\system\CodeIgniter.php(825): App\Controllers\Categorias->index()
#6 C:\xampp\htdocs\ci4\system\CodeIgniter.php(412): CodeIgniter\CodeIgniter->runController(Object(App\Controllers\Categorias))
#7 C:\xampp\htdocs\ci4\system\CodeIgniter.php(320): CodeIgniter\CodeIgniter->handleRequest(NULL, Object(Config\Cache), false)
#8 C:\xampp\htdocs\ci4\public\index.php(37): CodeIgniter\CodeIgniter->run()
#9 {main}
CRITICAL - 2022-01-30 19:03:39 --> Call to a member function isValid() on null
#0 C:\xampp\htdocs\ci4\system\CodeIgniter.php(825): App\Controllers\Categorias->editar('5')
#1 C:\xampp\htdocs\ci4\system\CodeIgniter.php(412): CodeIgniter\CodeIgniter->runController(Object(App\Controllers\Categorias))
#2 C:\xampp\htdocs\ci4\system\CodeIgniter.php(320): CodeIgniter\CodeIgniter->handleRequest(NULL, Object(Config\Cache), false)
#3 C:\xampp\htdocs\ci4\public\index.php(37): CodeIgniter\CodeIgniter->run()
#4 {main}
CRITICAL - 2022-01-30 19:05:59 --> Call to a member function isValid() on null
#0 C:\xampp\htdocs\ci4\system\CodeIgniter.php(825): App\Controllers\Categorias->editar('5')
#1 C:\xampp\htdocs\ci4\system\CodeIgniter.php(412): CodeIgniter\CodeIgniter->runController(Object(App\Controllers\Categorias))
#2 C:\xampp\htdocs\ci4\system\CodeIgniter.php(320): CodeIgniter\CodeIgniter->handleRequest(NULL, Object(Config\Cache), false)
#3 C:\xampp\htdocs\ci4\public\index.php(37): CodeIgniter\CodeIgniter->run()
#4 {main}
CRITICAL - 2022-01-30 19:06:17 --> Call to a member function isValid() on null
#0 C:\xampp\htdocs\ci4\system\CodeIgniter.php(825): App\Controllers\Categorias->editar('5')
#1 C:\xampp\htdocs\ci4\system\CodeIgniter.php(412): CodeIgniter\CodeIgniter->runController(Object(App\Controllers\Categorias))
#2 C:\xampp\htdocs\ci4\system\CodeIgniter.php(320): CodeIgniter\CodeIgniter->handleRequest(NULL, Object(Config\Cache), false)
#3 C:\xampp\htdocs\ci4\public\index.php(37): CodeIgniter\CodeIgniter->run()
#4 {main}
CRITICAL - 2022-01-30 19:06:46 --> Call to undefined method stdClass::set()
#0 C:\xampp\htdocs\ci4\system\CodeIgniter.php(825): App\Controllers\Categorias->editar('5')
#1 C:\xampp\htdocs\ci4\system\CodeIgniter.php(412): CodeIgniter\CodeIgniter->runController(Object(App\Controllers\Categorias))
#2 C:\xampp\htdocs\ci4\system\CodeIgniter.php(320): CodeIgniter\CodeIgniter->handleRequest(NULL, Object(Config\Cache), false)
#3 C:\xampp\htdocs\ci4\public\index.php(37): CodeIgniter\CodeIgniter->run()
#4 {main}
