CRITICAL - 2022-02-02 18:45:00 --> Invalid file: Editar_cadastro.php
#0 C:\xampp\htdocs\ci4\system\View\View.php(200): CodeIgniter\Exceptions\FrameworkException::forInvalidFile('Editar_cadastro...')
#1 C:\xampp\htdocs\ci4\system\Common.php(1119): CodeIgniter\View\View->render('Editar_cadastro', Array, true)
#2 C:\xampp\htdocs\ci4\app\Controllers\Categorias.php(39): view('Editar_cadastro', Array)
#3 C:\xampp\htdocs\ci4\system\CodeIgniter.php(825): App\Controllers\Categorias->index()
#4 C:\xampp\htdocs\ci4\system\CodeIgniter.php(412): CodeIgniter\CodeIgniter->runController(Object(App\Controllers\Categorias))
#5 C:\xampp\htdocs\ci4\system\CodeIgniter.php(320): CodeIgniter\CodeIgniter->handleRequest(NULL, Object(Config\Cache), false)
#6 C:\xampp\htdocs\ci4\public\index.php(37): CodeIgniter\CodeIgniter->run()
#7 {main}
CRITICAL - 2022-02-02 18:45:02 --> Invalid file: Editar_cadastro.php
#0 C:\xampp\htdocs\ci4\system\View\View.php(200): CodeIgniter\Exceptions\FrameworkException::forInvalidFile('Editar_cadastro...')
#1 C:\xampp\htdocs\ci4\system\Common.php(1119): CodeIgniter\View\View->render('Editar_cadastro', Array, true)
#2 C:\xampp\htdocs\ci4\app\Controllers\Categorias.php(39): view('Editar_cadastro', Array)
#3 C:\xampp\htdocs\ci4\system\CodeIgniter.php(825): App\Controllers\Categorias->index()
#4 C:\xampp\htdocs\ci4\system\CodeIgniter.php(412): CodeIgniter\CodeIgniter->runController(Object(App\Controllers\Categorias))
#5 C:\xampp\htdocs\ci4\system\CodeIgniter.php(320): CodeIgniter\CodeIgniter->handleRequest(NULL, Object(Config\Cache), false)
#6 C:\xampp\htdocs\ci4\public\index.php(37): CodeIgniter\CodeIgniter->run()
#7 {main}
CRITICAL - 2022-02-02 18:45:03 --> Invalid file: Editar_cadastro.php
#0 C:\xampp\htdocs\ci4\system\View\View.php(200): CodeIgniter\Exceptions\FrameworkException::forInvalidFile('Editar_cadastro...')
#1 C:\xampp\htdocs\ci4\system\Common.php(1119): CodeIgniter\View\View->render('Editar_cadastro', Array, true)
#2 C:\xampp\htdocs\ci4\app\Controllers\Categorias.php(39): view('Editar_cadastro', Array)
#3 C:\xampp\htdocs\ci4\system\CodeIgniter.php(825): App\Controllers\Categorias->index()
#4 C:\xampp\htdocs\ci4\system\CodeIgniter.php(412): CodeIgniter\CodeIgniter->runController(Object(App\Controllers\Categorias))
#5 C:\xampp\htdocs\ci4\system\CodeIgniter.php(320): CodeIgniter\CodeIgniter->handleRequest(NULL, Object(Config\Cache), false)
#6 C:\xampp\htdocs\ci4\public\index.php(37): CodeIgniter\CodeIgniter->run()
#7 {main}
CRITICAL - 2022-02-02 18:45:09 --> Invalid file: Editar_cadastro.php
#0 C:\xampp\htdocs\ci4\system\View\View.php(200): CodeIgniter\Exceptions\FrameworkException::forInvalidFile('Editar_cadastro...')
#1 C:\xampp\htdocs\ci4\system\Common.php(1119): CodeIgniter\View\View->render('Editar_cadastro', Array, true)
#2 C:\xampp\htdocs\ci4\app\Controllers\Categorias.php(39): view('Editar_cadastro', Array)
#3 C:\xampp\htdocs\ci4\system\CodeIgniter.php(825): App\Controllers\Categorias->index()
#4 C:\xampp\htdocs\ci4\system\CodeIgniter.php(412): CodeIgniter\CodeIgniter->runController(Object(App\Controllers\Categorias))
#5 C:\xampp\htdocs\ci4\system\CodeIgniter.php(320): CodeIgniter\CodeIgniter->handleRequest(NULL, Object(Config\Cache), false)
#6 C:\xampp\htdocs\ci4\public\index.php(37): CodeIgniter\CodeIgniter->run()
#7 {main}
CRITICAL - 2022-02-02 18:45:22 --> Invalid file: Editar_cadastro.php
#0 C:\xampp\htdocs\ci4\system\View\View.php(200): CodeIgniter\Exceptions\FrameworkException::forInvalidFile('Editar_cadastro...')
#1 C:\xampp\htdocs\ci4\system\Common.php(1119): CodeIgniter\View\View->render('Editar_cadastro', Array, true)
#2 C:\xampp\htdocs\ci4\app\Controllers\Categorias.php(39): view('Editar_cadastro', Array)
#3 C:\xampp\htdocs\ci4\system\CodeIgniter.php(825): App\Controllers\Categorias->index()
#4 C:\xampp\htdocs\ci4\system\CodeIgniter.php(412): CodeIgniter\CodeIgniter->runController(Object(App\Controllers\Categorias))
#5 C:\xampp\htdocs\ci4\system\CodeIgniter.php(320): CodeIgniter\CodeIgniter->handleRequest(NULL, Object(Config\Cache), false)
#6 C:\xampp\htdocs\ci4\public\index.php(37): CodeIgniter\CodeIgniter->run()
#7 {main}
CRITICAL - 2022-02-02 18:45:31 --> Invalid file: Editar_cadastro.php
#0 C:\xampp\htdocs\ci4\system\View\View.php(200): CodeIgniter\Exceptions\FrameworkException::forInvalidFile('Editar_cadastro...')
#1 C:\xampp\htdocs\ci4\system\Common.php(1119): CodeIgniter\View\View->render('Editar_cadastro', Array, true)
#2 C:\xampp\htdocs\ci4\app\Controllers\Categorias.php(39): view('Editar_cadastro', Array)
#3 C:\xampp\htdocs\ci4\system\CodeIgniter.php(825): App\Controllers\Categorias->index()
#4 C:\xampp\htdocs\ci4\system\CodeIgniter.php(412): CodeIgniter\CodeIgniter->runController(Object(App\Controllers\Categorias))
#5 C:\xampp\htdocs\ci4\system\CodeIgniter.php(320): CodeIgniter\CodeIgniter->handleRequest(NULL, Object(Config\Cache), false)
#6 C:\xampp\htdocs\ci4\public\index.php(37): CodeIgniter\CodeIgniter->run()
#7 {main}
CRITICAL - 2022-02-02 18:45:54 --> Invalid file: Editar.php
#0 C:\xampp\htdocs\ci4\system\View\View.php(200): CodeIgniter\Exceptions\FrameworkException::forInvalidFile('Editar.php')
#1 C:\xampp\htdocs\ci4\system\Common.php(1119): CodeIgniter\View\View->render('Editar', Array, true)
#2 C:\xampp\htdocs\ci4\app\Controllers\Categorias.php(39): view('Editar', Array)
#3 C:\xampp\htdocs\ci4\system\CodeIgniter.php(825): App\Controllers\Categorias->index()
#4 C:\xampp\htdocs\ci4\system\CodeIgniter.php(412): CodeIgniter\CodeIgniter->runController(Object(App\Controllers\Categorias))
#5 C:\xampp\htdocs\ci4\system\CodeIgniter.php(320): CodeIgniter\CodeIgniter->handleRequest(NULL, Object(Config\Cache), false)
#6 C:\xampp\htdocs\ci4\public\index.php(37): CodeIgniter\CodeIgniter->run()
#7 {main}
CRITICAL - 2022-02-02 18:46:40 --> Invalid file: Editar.php
#0 C:\xampp\htdocs\ci4\system\View\View.php(200): CodeIgniter\Exceptions\FrameworkException::forInvalidFile('Editar.php')
#1 C:\xampp\htdocs\ci4\system\Common.php(1119): CodeIgniter\View\View->render('Editar', Array, true)
#2 C:\xampp\htdocs\ci4\app\Controllers\Categorias.php(39): view('Editar', Array)
#3 C:\xampp\htdocs\ci4\system\CodeIgniter.php(825): App\Controllers\Categorias->index()
#4 C:\xampp\htdocs\ci4\system\CodeIgniter.php(412): CodeIgniter\CodeIgniter->runController(Object(App\Controllers\Categorias))
#5 C:\xampp\htdocs\ci4\system\CodeIgniter.php(320): CodeIgniter\CodeIgniter->handleRequest(NULL, Object(Config\Cache), false)
#6 C:\xampp\htdocs\ci4\public\index.php(37): CodeIgniter\CodeIgniter->run()
#7 {main}
CRITICAL - 2022-02-02 18:47:00 --> Invalid file: menu.php
#0 C:\xampp\htdocs\ci4\system\View\View.php(200): CodeIgniter\Exceptions\FrameworkException::forInvalidFile('menu.php')
#1 C:\xampp\htdocs\ci4\system\Common.php(1119): CodeIgniter\View\View->render('menu', Array, true)
#2 C:\xampp\htdocs\ci4\app\Controllers\Categorias.php(39): view('menu', Array)
#3 C:\xampp\htdocs\ci4\system\CodeIgniter.php(825): App\Controllers\Categorias->index()
#4 C:\xampp\htdocs\ci4\system\CodeIgniter.php(412): CodeIgniter\CodeIgniter->runController(Object(App\Controllers\Categorias))
#5 C:\xampp\htdocs\ci4\system\CodeIgniter.php(320): CodeIgniter\CodeIgniter->handleRequest(NULL, Object(Config\Cache), false)
#6 C:\xampp\htdocs\ci4\public\index.php(37): CodeIgniter\CodeIgniter->run()
#7 {main}
CRITICAL - 2022-02-02 22:04:54 --> session_start(): Ignoring session_start() because a session is already active
#0 [internal function]: CodeIgniter\Debug\Exceptions->errorHandler(8, 'session_start()...', 'C:\\xampp\\htdocs...', 2)
#1 C:\xampp\htdocs\ci4\app\Views\Menu.php(2): session_start()
#2 C:\xampp\htdocs\ci4\system\View\View.php(212): include('C:\\xampp\\htdocs...')
#3 C:\xampp\htdocs\ci4\system\View\View.php(215): CodeIgniter\View\View->CodeIgniter\View\{closure}()
#4 C:\xampp\htdocs\ci4\system\Common.php(1119): CodeIgniter\View\View->render('Menu', Array, true)
#5 C:\xampp\htdocs\ci4\app\Controllers\Categorias.php(29): view('Menu')
#6 C:\xampp\htdocs\ci4\system\CodeIgniter.php(825): App\Controllers\Categorias->index()
#7 C:\xampp\htdocs\ci4\system\CodeIgniter.php(412): CodeIgniter\CodeIgniter->runController(Object(App\Controllers\Categorias))
#8 C:\xampp\htdocs\ci4\system\CodeIgniter.php(320): CodeIgniter\CodeIgniter->handleRequest(NULL, Object(Config\Cache), false)
#9 C:\xampp\htdocs\ci4\public\index.php(37): CodeIgniter\CodeIgniter->run()
#10 {main}
CRITICAL - 2022-02-02 22:05:06 --> session_start(): Ignoring session_start() because a session is already active
#0 [internal function]: CodeIgniter\Debug\Exceptions->errorHandler(8, 'session_start()...', 'C:\\xampp\\htdocs...', 2)
#1 C:\xampp\htdocs\ci4\app\Views\Menu.php(2): session_start()
#2 C:\xampp\htdocs\ci4\system\View\View.php(212): include('C:\\xampp\\htdocs...')
#3 C:\xampp\htdocs\ci4\system\View\View.php(215): CodeIgniter\View\View->CodeIgniter\View\{closure}()
#4 C:\xampp\htdocs\ci4\system\Common.php(1119): CodeIgniter\View\View->render('Menu', Array, true)
#5 C:\xampp\htdocs\ci4\app\Controllers\Categorias.php(29): view('Menu')
#6 C:\xampp\htdocs\ci4\system\CodeIgniter.php(825): App\Controllers\Categorias->index()
#7 C:\xampp\htdocs\ci4\system\CodeIgniter.php(412): CodeIgniter\CodeIgniter->runController(Object(App\Controllers\Categorias))
#8 C:\xampp\htdocs\ci4\system\CodeIgniter.php(320): CodeIgniter\CodeIgniter->handleRequest(NULL, Object(Config\Cache), false)
#9 C:\xampp\htdocs\ci4\public\index.php(37): CodeIgniter\CodeIgniter->run()
#10 {main}
CRITICAL - 2022-02-02 22:13:12 --> Too few arguments to function App\Controllers\Categorias::editar(), 0 passed in C:\xampp\htdocs\ci4\system\CodeIgniter.php on line 825 and exactly 1 expected
#0 C:\xampp\htdocs\ci4\system\CodeIgniter.php(825): App\Controllers\Categorias->editar()
#1 C:\xampp\htdocs\ci4\system\CodeIgniter.php(412): CodeIgniter\CodeIgniter->runController(Object(App\Controllers\Categorias))
#2 C:\xampp\htdocs\ci4\system\CodeIgniter.php(320): CodeIgniter\CodeIgniter->handleRequest(NULL, Object(Config\Cache), false)
#3 C:\xampp\htdocs\ci4\public\index.php(37): CodeIgniter\CodeIgniter->run()
#4 {main}
CRITICAL - 2022-02-02 22:13:31 --> Too few arguments to function App\Controllers\Categorias::editar(), 0 passed in C:\xampp\htdocs\ci4\system\CodeIgniter.php on line 825 and exactly 1 expected
#0 C:\xampp\htdocs\ci4\system\CodeIgniter.php(825): App\Controllers\Categorias->editar()
#1 C:\xampp\htdocs\ci4\system\CodeIgniter.php(412): CodeIgniter\CodeIgniter->runController(Object(App\Controllers\Categorias))
#2 C:\xampp\htdocs\ci4\system\CodeIgniter.php(320): CodeIgniter\CodeIgniter->handleRequest(NULL, Object(Config\Cache), false)
#3 C:\xampp\htdocs\ci4\public\index.php(37): CodeIgniter\CodeIgniter->run()
#4 {main}
